{"level":"info","message":"⌛ Building environment","timeElapsed":229,"timestamp":"2025-04-03T23:43:47.872Z"}
{"level":"info","message":"onRequest - WORKSPACE_URI:file:///e%3A/xtype/bolichito-NicolaasBravoo-main","timestamp":"2025-04-03T23:43:47.916Z"}
{"level":"info","message":"⌛ Building environment","timeElapsed":108,"timestamp":"2025-04-03T23:43:48.027Z"}
{"level":"info","message":"⌛ Validating bolichito-NicolaasBravoo-main/objetos.wlk","timeElapsed":188,"timestamp":"2025-04-03T23:43:48.381Z"}
{"level":"info","message":"⌛ Building environment","timeElapsed":101,"timestamp":"2025-04-03T23:43:48.483Z"}
{"level":"info","message":"⌛ Validating bolichito-NicolaasBravoo-main/personas.wlk","timeElapsed":136,"timestamp":"2025-04-03T23:43:48.630Z"}
{"level":"info","message":"⌛ Validating bolichito-NicolaasBravoo-main/bolichito.wlk","timeElapsed":126,"timestamp":"2025-04-03T23:43:48.756Z"}
{"level":"info","message":"⌛ Validating bolichito-NicolaasBravoo-main/objetos.wlk","timeElapsed":109,"timestamp":"2025-04-03T23:43:48.866Z"}
{"level":"info","message":"⌛ Building environment","timeElapsed":223,"timestamp":"2025-04-03T23:45:21.202Z"}
{"level":"info","message":"onRequest - WORKSPACE_URI:file:///e%3A/xtype/bolichito-NicolaasBravoo-main","timestamp":"2025-04-03T23:45:21.210Z"}
{"level":"info","message":"⌛ Building environment","timeElapsed":118,"timestamp":"2025-04-03T23:45:21.329Z"}
{"level":"info","message":"⌛ Validating bolichito-NicolaasBravoo-main/objetos.wlk","timeElapsed":183,"timestamp":"2025-04-03T23:45:21.515Z"}
{"level":"info","message":"⌛ Validating bolichito-NicolaasBravoo-main/objetos.wlk","timeElapsed":135,"timestamp":"2025-04-03T23:45:21.756Z"}
{"level":"info","message":"⌛ Building environment","timeElapsed":238,"timestamp":"2025-04-03T23:45:22.097Z"}
{"level":"info","message":"⌛ Building environment","timeElapsed":648,"timestamp":"2025-04-03T23:45:22.747Z"}
{"level":"info","message":"⌛ Validating bolichito-NicolaasBravoo-main/personas.wlk","timeElapsed":169,"timestamp":"2025-04-03T23:45:23.803Z"}
{"level":"info","message":"⌛ Validating bolichito-NicolaasBravoo-main/bolichito.wlk","timeElapsed":365,"timestamp":"2025-04-03T23:45:24.179Z"}
{"level":"info","message":"⌛ Building environment","timeElapsed":337,"timestamp":"2025-04-03T23:47:20.310Z"}
{"level":"info","message":"onRequest - WORKSPACE_URI:file:///e%3A/xtype/bolichito-NicolaasBravoo-main","timestamp":"2025-04-03T23:47:20.315Z"}
{"level":"info","message":"⌛ Building environment","timeElapsed":118,"timestamp":"2025-04-03T23:47:20.434Z"}
{"level":"info","message":"⌛ Building environment","timeElapsed":104,"timestamp":"2025-04-03T23:47:20.797Z"}
{"level":"info","message":"⌛ Validating bolichito-NicolaasBravoo-main/objetos.wlk","timeElapsed":179,"timestamp":"2025-04-03T23:47:20.976Z"}
{"level":"info","message":"⌛ Building environment","timeElapsed":106,"timestamp":"2025-04-03T23:47:21.083Z"}
{"level":"info","message":"⌛ Validating bolichito-NicolaasBravoo-main/personas.wlk","timeElapsed":129,"timestamp":"2025-04-03T23:47:21.309Z"}
{"level":"info","message":"⌛ Validating bolichito-NicolaasBravoo-main/bolichito.wlk","timeElapsed":103,"timestamp":"2025-04-03T23:47:21.413Z"}
{"level":"info","message":"⌛ Validating bolichito-NicolaasBravoo-main/objetos.wlk","timeElapsed":101,"timestamp":"2025-04-03T23:47:21.514Z"}
{"level":"info","message":"onRequest - STRONG_FILES_CHANGED:e:\\xtype\\bolichito-NicolaasBravoo-main\\bolichito-NicolaasBravoo-main\\bolichito.wlk","timestamp":"2025-04-03T23:53:52.489Z"}
{"level":"info","message":"⌛ Building environment","timeElapsed":244,"timestamp":"2025-04-03T23:53:52.734Z"}
{"level":"info","message":"⌛ Building environment","timeElapsed":108,"timestamp":"2025-04-03T23:53:52.843Z"}
{"level":"info","message":"onRequest - WORKSPACE_URI:file:///e%3A/xtype/bolichito-NicolaasBravoo-main","timestamp":"2025-04-03T23:53:52.923Z"}
{"level":"info","message":"Removing diagnostics from \\xtype\\bolichito-NicolaasBravoo-main\\bolichito-NicolaasBravoo-main\\bolichito.wlk","timestamp":"2025-04-03T23:53:53.007Z"}
{"level":"info","message":"⌛ Validating bolichito-NicolaasBravoo-main/personas.wlk","timeElapsed":140,"timestamp":"2025-04-03T23:53:53.225Z"}
{"level":"info","message":"⌛ Validating bolichito-NicolaasBravoo-main/barraDeVida.wlk","timeElapsed":149,"timestamp":"2025-04-03T23:53:53.375Z"}
{"level":"info","message":"⌛ Building environment","timeElapsed":161,"timestamp":"2025-04-03T23:54:07.290Z"}
{"level":"info","message":"onRequest - STRONG_FILES_CHANGED:e:\\xtype\\bolichito-NicolaasBravoo-main\\bolichito-NicolaasBravoo-main\\objetos.wlk","timestamp":"2025-04-03T23:54:07.305Z"}
{"level":"info","message":"⌛ Building environment","timeElapsed":158,"timestamp":"2025-04-03T23:54:07.473Z"}
{"level":"info","message":"⌛ Validating bolichito-NicolaasBravoo-main/barrraDeVidaSN.wlk","timeElapsed":134,"timestamp":"2025-04-03T23:54:07.697Z"}
{"level":"info","message":"Removing diagnostics from \\xtype\\bolichito-NicolaasBravoo-main\\bolichito-NicolaasBravoo-main\\objetos.wlk","timestamp":"2025-04-03T23:54:07.697Z"}
{"level":"info","message":"onRequest - WORKSPACE_URI:file:///e%3A/xtype/bolichito-NicolaasBravoo-main","timestamp":"2025-04-03T23:54:07.698Z"}
{"level":"info","message":"⌛ Building environment","timeElapsed":130,"timestamp":"2025-04-03T23:55:46.968Z"}
{"level":"info","message":"⌛ Validating bolichito-NicolaasBravoo-main/barrraDeVidaSN.wlk","timeElapsed":136,"timestamp":"2025-04-03T23:55:47.116Z"}
{"level":"info","message":"onRequest - STRONG_FILES_CHANGED:e:\\xtype\\bolichito-NicolaasBravoo-main\\bolichito-NicolaasBravoo-main\\barrraDeVidaSN.wlk","timestamp":"2025-04-03T23:55:49.212Z"}
{"level":"info","message":"⌛ Building environment","timeElapsed":406,"timestamp":"2025-04-03T23:55:49.619Z"}
{"level":"info","message":"onRequest - WORKSPACE_URI:file:///e%3A/xtype/bolichito-NicolaasBravoo-main","timestamp":"2025-04-03T23:55:49.778Z"}
{"level":"info","message":"Removing diagnostics from \\xtype\\bolichito-NicolaasBravoo-main\\bolichito-NicolaasBravoo-main\\barrraDeVidaSN.wlk","timestamp":"2025-04-03T23:55:49.816Z"}
{"level":"info","message":"onRequest - STRONG_FILES_CHANGED:e:\\xtype\\bolichito-NicolaasBravoo-main\\bolichito-NicolaasBravoo-main\\personas.wlk","timestamp":"2025-04-03T23:55:51.592Z"}
{"level":"info","message":"⌛ Building environment","timeElapsed":304,"timestamp":"2025-04-03T23:55:51.898Z"}
{"level":"info","message":"⌛ Building environment","timeElapsed":105,"timestamp":"2025-04-03T23:55:52.003Z"}
{"level":"info","message":"onRequest - WORKSPACE_URI:file:///e%3A/xtype/bolichito-NicolaasBravoo-main","timestamp":"2025-04-03T23:55:52.063Z"}
{"level":"info","message":"Removing diagnostics from \\xtype\\bolichito-NicolaasBravoo-main\\bolichito-NicolaasBravoo-main\\personas.wlk","timestamp":"2025-04-03T23:55:52.104Z"}
{"level":"info","message":"⌛ Building environment","timeElapsed":408,"timestamp":"2025-04-03T23:55:59.128Z"}
{"level":"info","message":"⌛ Validating bolichito-NicolaasBravoo-main/config1.wlk","timeElapsed":184,"timestamp":"2025-04-03T23:55:59.353Z"}
{"level":"info","message":"⌛ Building environment","timeElapsed":223,"timestamp":"2025-04-03T23:56:04.239Z"}
{"level":"info","message":"⌛ Validating bolichito-NicolaasBravoo-main/configSM.wlk","timeElapsed":205,"timestamp":"2025-04-03T23:56:04.472Z"}
{"level":"info","message":"⌛ Building environment","timeElapsed":262,"timestamp":"2025-04-03T23:56:12.561Z"}
{"level":"info","message":"⌛ Validating bolichito-NicolaasBravoo-main/listaNivelSM.wlk","timeElapsed":208,"timestamp":"2025-04-03T23:56:12.832Z"}
{"level":"info","message":"⌛ Building environment","timeElapsed":115,"timestamp":"2025-04-03T23:56:23.170Z"}
{"level":"info","message":"⌛ Validating bolichito-NicolaasBravoo-main/barraDeVida.wlk","timeElapsed":214,"timestamp":"2025-04-03T23:56:23.453Z"}
{"level":"info","message":"⌛ Building environment","timeElapsed":256,"timestamp":"2025-04-03T23:56:39.757Z"}
{"level":"info","message":"⌛ Validating bolichito-NicolaasBravoo-main/listaNivel1.wlk","timeElapsed":258,"timestamp":"2025-04-03T23:56:40.065Z"}
{"level":"info","message":"⌛ Building environment","timeElapsed":303,"timestamp":"2025-04-03T23:57:17.509Z"}
{"level":"info","message":"onRequest - WORKSPACE_URI:file:///e%3A/xtype/bolichito-NicolaasBravoo-main","timestamp":"2025-04-03T23:57:17.513Z"}
{"level":"info","message":"⌛ Building environment","timeElapsed":310,"timestamp":"2025-04-03T23:57:17.825Z"}
{"level":"info","message":"⌛ Building environment","timeElapsed":249,"timestamp":"2025-04-03T23:57:18.225Z"}
{"level":"info","message":"⌛ Validating bolichito-NicolaasBravoo-main/config1.wlk","timeElapsed":395,"timestamp":"2025-04-03T23:57:18.626Z"}
{"level":"info","message":"⌛ Building environment","timeElapsed":129,"timestamp":"2025-04-03T23:57:18.760Z"}
{"level":"info","message":"⌛ Building environment","timeElapsed":300,"timestamp":"2025-04-03T23:57:19.063Z"}
{"level":"info","message":"⌛ Building environment","timeElapsed":132,"timestamp":"2025-04-03T23:57:19.235Z"}
{"level":"info","message":"⌛ Building environment","timeElapsed":139,"timestamp":"2025-04-03T23:57:19.374Z"}
{"level":"info","message":"⌛ Building environment","timeElapsed":102,"timestamp":"2025-04-03T23:57:19.478Z"}
{"level":"info","message":"⌛ Building environment","timeElapsed":129,"timestamp":"2025-04-03T23:57:19.608Z"}
{"level":"info","message":"⌛ Validating bolichito-NicolaasBravoo-main/test_game.wtest","timeElapsed":173,"timestamp":"2025-04-03T23:57:19.782Z"}
{"level":"info","message":"⌛ Building environment","timeElapsed":129,"timestamp":"2025-04-03T23:57:19.912Z"}
{"level":"info","message":"⌛ Building environment","timeElapsed":115,"timestamp":"2025-04-03T23:57:20.028Z"}
{"level":"info","message":"⌛ Building environment","timeElapsed":285,"timestamp":"2025-04-03T23:57:20.316Z"}
{"level":"info","message":"⌛ Building environment","timeElapsed":126,"timestamp":"2025-04-03T23:57:20.443Z"}
{"level":"info","message":"⌛ Building environment","timeElapsed":162,"timestamp":"2025-04-03T23:57:20.605Z"}
{"level":"info","message":"⌛ Building environment","timeElapsed":165,"timestamp":"2025-04-03T23:57:20.772Z"}
{"level":"info","message":"⌛ Building environment","timeElapsed":131,"timestamp":"2025-04-03T23:57:20.904Z"}
{"level":"info","message":"⌛ Building environment","timeElapsed":124,"timestamp":"2025-04-03T23:57:21.030Z"}
{"level":"info","message":"⌛ Building environment","timeElapsed":129,"timestamp":"2025-04-03T23:57:21.161Z"}
{"level":"info","message":"⌛ Building environment","timeElapsed":145,"timestamp":"2025-04-03T23:57:21.307Z"}
{"level":"info","message":"⌛ Building environment","timeElapsed":302,"timestamp":"2025-04-03T23:57:21.611Z"}
{"level":"info","message":"⌛ Building environment","timeElapsed":232,"timestamp":"2025-04-03T23:57:21.843Z"}
{"level":"info","message":"⌛ Building environment","timeElapsed":169,"timestamp":"2025-04-03T23:57:22.014Z"}
{"level":"info","message":"⌛ Building environment","timeElapsed":181,"timestamp":"2025-04-03T23:57:22.196Z"}
{"level":"info","message":"⌛ Validating bolichito-NicolaasBravoo-main/sonidoTipeo.wlk","timeElapsed":205,"timestamp":"2025-04-03T23:57:22.403Z"}
{"level":"info","message":"⌛ Validating bolichito-NicolaasBravoo-main/config1.wlk","timeElapsed":155,"timestamp":"2025-04-03T23:57:22.601Z"}
{"level":"info","message":"⌛ Validating bolichito-NicolaasBravoo-main/test_game.wtest","timeElapsed":116,"timestamp":"2025-04-03T23:57:22.718Z"}
{"level":"info","message":"⌛ Validating bolichito-NicolaasBravoo-main/sonidoTipeo.wlk","timeElapsed":150,"timestamp":"2025-04-03T23:57:22.868Z"}
{"level":"info","message":"⌛ Validating bolichito-NicolaasBravoo-main/scoreSM.wlk","timeElapsed":175,"timestamp":"2025-04-03T23:57:23.045Z"}
{"level":"info","message":"⌛ Validating bolichito-NicolaasBravoo-main/score.wlk","timeElapsed":169,"timestamp":"2025-04-03T23:57:23.214Z"}
{"level":"info","message":"⌛ Validating bolichito-NicolaasBravoo-main/program.wpgm","timeElapsed":169,"timestamp":"2025-04-03T23:57:23.384Z"}
{"level":"info","message":"⌛ Validating bolichito-NicolaasBravoo-main/palabrasSM.wlk","timeElapsed":158,"timestamp":"2025-04-03T23:57:23.543Z"}
{"level":"info","message":"⌛ Validating bolichito-NicolaasBravoo-main/palabras.wlk","timeElapsed":169,"timestamp":"2025-04-03T23:57:23.713Z"}
{"level":"info","message":"⌛ Validating bolichito-NicolaasBravoo-main/palabraFijadaSM.wlk","timeElapsed":177,"timestamp":"2025-04-03T23:57:23.906Z"}
{"level":"info","message":"⌛ Validating bolichito-NicolaasBravoo-main/palabraFijada.wlk","timeElapsed":152,"timestamp":"2025-04-03T23:57:24.124Z"}
{"level":"info","message":"⌛ Validating bolichito-NicolaasBravoo-main/nave.wlk","timeElapsed":169,"timestamp":"2025-04-03T23:57:24.293Z"}
{"level":"info","message":"⌛ Validating bolichito-NicolaasBravoo-main/listaNivelSM.wlk","timeElapsed":188,"timestamp":"2025-04-03T23:57:24.481Z"}
{"level":"info","message":"⌛ Validating bolichito-NicolaasBravoo-main/listaNivel1.wlk","timeElapsed":171,"timestamp":"2025-04-03T23:57:24.653Z"}
{"level":"info","message":"⌛ Validating bolichito-NicolaasBravoo-main/letraSM.wlk","timeElapsed":194,"timestamp":"2025-04-03T23:57:24.848Z"}
{"level":"info","message":"⌛ Validating bolichito-NicolaasBravoo-main/letra.wlk","timeElapsed":176,"timestamp":"2025-04-03T23:57:25.133Z"}
{"level":"info","message":"⌛ Validating bolichito-NicolaasBravoo-main/input.wlk","timeElapsed":182,"timestamp":"2025-04-03T23:57:25.316Z"}
{"level":"info","message":"⌛ Validating bolichito-NicolaasBravoo-main/fondo.wlk","timeElapsed":206,"timestamp":"2025-04-03T23:57:25.523Z"}
{"level":"info","message":"⌛ Validating bolichito-NicolaasBravoo-main/diccionario.wlk","timeElapsed":210,"timestamp":"2025-04-03T23:57:25.741Z"}
{"level":"info","message":"⌛ Validating bolichito-NicolaasBravoo-main/configSM.wlk","timeElapsed":214,"timestamp":"2025-04-03T23:57:25.956Z"}
{"level":"info","message":"⌛ Validating bolichito-NicolaasBravoo-main/barraDeVidaSM.wlk","timeElapsed":236,"timestamp":"2025-04-03T23:57:26.194Z"}
{"level":"info","message":"⌛ Validating bolichito-NicolaasBravoo-main/barraDeVida.wlk","timeElapsed":215,"timestamp":"2025-04-03T23:57:26.410Z"}
{"level":"info","message":"⌛ Building environment","timeElapsed":365,"timestamp":"2025-04-04T00:00:19.725Z"}
{"level":"info","message":"⌛ Validating bolichito-NicolaasBravoo-main/palabraFijadaSM.wlk","timeElapsed":248,"timestamp":"2025-04-04T00:00:20.039Z"}
{"level":"info","message":"⌛ Building environment","timeElapsed":269,"timestamp":"2025-04-04T00:00:39.193Z"}
{"level":"info","message":"⌛ Building environment","timeElapsed":185,"timestamp":"2025-04-04T00:00:39.423Z"}
{"level":"info","message":"⌛ Building environment","timeElapsed":162,"timestamp":"2025-04-04T00:00:39.588Z"}
{"level":"info","message":"⌛ Validating bolichito-NicolaasBravoo-main/palabraFijadaSM.wlk","timeElapsed":238,"timestamp":"2025-04-04T00:00:39.827Z"}
{"level":"info","message":"⌛ Validating bolichito-NicolaasBravoo-main/palabraFijadaSM.wlk","timeElapsed":256,"timestamp":"2025-04-04T00:00:40.095Z"}
{"level":"info","message":"⌛ Validating bolichito-NicolaasBravoo-main/palabraFijadaSM.wlk","timeElapsed":255,"timestamp":"2025-04-04T00:00:40.351Z"}
{"level":"info","message":"⌛ Building environment","timeElapsed":237,"timestamp":"2025-04-04T00:00:40.589Z"}
{"level":"info","message":"⌛ Building environment","timeElapsed":202,"timestamp":"2025-04-04T00:00:40.793Z"}
{"level":"info","message":"⌛ Building environment","timeElapsed":190,"timestamp":"2025-04-04T00:00:40.984Z"}
{"level":"info","message":"⌛ Building environment","timeElapsed":171,"timestamp":"2025-04-04T00:00:41.168Z"}
{"level":"info","message":"⌛ Building environment","timeElapsed":233,"timestamp":"2025-04-04T00:00:41.443Z"}
{"level":"info","message":"⌛ Validating bolichito-NicolaasBravoo-main/palabraFijadaSM.wlk","timeElapsed":249,"timestamp":"2025-04-04T00:00:41.694Z"}
{"level":"info","message":"⌛ Building environment","timeElapsed":256,"timestamp":"2025-04-04T00:00:41.951Z"}
{"level":"info","message":"⌛ Validating bolichito-NicolaasBravoo-main/palabraFijadaSM.wlk","timeElapsed":244,"timestamp":"2025-04-04T00:00:42.196Z"}
{"level":"info","message":"⌛ Validating bolichito-NicolaasBravoo-main/palabraFijadaSM.wlk","timeElapsed":283,"timestamp":"2025-04-04T00:00:42.495Z"}
{"level":"info","message":"⌛ Validating bolichito-NicolaasBravoo-main/palabraFijadaSM.wlk","timeElapsed":271,"timestamp":"2025-04-04T00:00:42.767Z"}
{"level":"info","message":"⌛ Building environment","timeElapsed":195,"timestamp":"2025-04-04T00:00:42.963Z"}
{"level":"info","message":"⌛ Validating bolichito-NicolaasBravoo-main/palabraFijadaSM.wlk","timeElapsed":227,"timestamp":"2025-04-04T00:00:43.190Z"}
{"level":"info","message":"⌛ Validating bolichito-NicolaasBravoo-main/palabraFijadaSM.wlk","timeElapsed":259,"timestamp":"2025-04-04T00:00:43.460Z"}
{"level":"info","message":"⌛ Validating bolichito-NicolaasBravoo-main/palabraFijadaSM.wlk","timeElapsed":254,"timestamp":"2025-04-04T00:00:43.714Z"}
{"level":"info","message":"⌛ Building environment","timeElapsed":201,"timestamp":"2025-04-04T00:00:43.916Z"}
{"level":"info","message":"⌛ Building environment","timeElapsed":178,"timestamp":"2025-04-04T00:00:44.133Z"}
{"level":"info","message":"⌛ Building environment","timeElapsed":198,"timestamp":"2025-04-04T00:00:44.332Z"}
{"level":"info","message":"⌛ Building environment","timeElapsed":249,"timestamp":"2025-04-04T00:00:44.584Z"}
{"level":"info","message":"⌛ Validating bolichito-NicolaasBravoo-main/palabraFijadaSM.wlk","timeElapsed":249,"timestamp":"2025-04-04T00:00:44.834Z"}
{"level":"info","message":"⌛ Building environment","timeElapsed":191,"timestamp":"2025-04-04T00:00:45.043Z"}
{"level":"info","message":"⌛ Validating bolichito-NicolaasBravoo-main/palabraFijadaSM.wlk","timeElapsed":242,"timestamp":"2025-04-04T00:00:45.286Z"}
{"level":"info","message":"⌛ Building environment","timeElapsed":185,"timestamp":"2025-04-04T00:00:45.472Z"}
{"level":"info","message":"⌛ Validating bolichito-NicolaasBravoo-main/palabraFijadaSM.wlk","timeElapsed":240,"timestamp":"2025-04-04T00:00:45.718Z"}
{"level":"info","message":"⌛ Validating bolichito-NicolaasBravoo-main/palabraFijadaSM.wlk","timeElapsed":257,"timestamp":"2025-04-04T00:00:45.988Z"}
{"level":"info","message":"⌛ Building environment","timeElapsed":265,"timestamp":"2025-04-04T00:00:46.258Z"}
{"level":"info","message":"⌛ Validating bolichito-NicolaasBravoo-main/palabraFijadaSM.wlk","timeElapsed":239,"timestamp":"2025-04-04T00:00:46.499Z"}
{"level":"info","message":"⌛ Validating bolichito-NicolaasBravoo-main/palabraFijadaSM.wlk","timeElapsed":223,"timestamp":"2025-04-04T00:00:46.732Z"}
{"level":"info","message":"⌛ Building environment","timeElapsed":198,"timestamp":"2025-04-04T00:00:46.931Z"}
{"level":"info","message":"⌛ Building environment","timeElapsed":169,"timestamp":"2025-04-04T00:00:47.101Z"}
{"level":"info","message":"⌛ Validating bolichito-NicolaasBravoo-main/palabraFijadaSM.wlk","timeElapsed":225,"timestamp":"2025-04-04T00:00:47.326Z"}
{"level":"info","message":"⌛ Building environment","timeElapsed":187,"timestamp":"2025-04-04T00:00:47.513Z"}
{"level":"info","message":"⌛ Validating bolichito-NicolaasBravoo-main/palabraFijadaSM.wlk","timeElapsed":228,"timestamp":"2025-04-04T00:00:47.750Z"}
{"level":"info","message":"⌛ Validating bolichito-NicolaasBravoo-main/palabraFijadaSM.wlk","timeElapsed":254,"timestamp":"2025-04-04T00:00:48.007Z"}
{"level":"info","message":"⌛ Building environment","timeElapsed":231,"timestamp":"2025-04-04T00:00:48.239Z"}
{"level":"info","message":"⌛ Validating bolichito-NicolaasBravoo-main/palabraFijadaSM.wlk","timeElapsed":251,"timestamp":"2025-04-04T00:00:48.491Z"}
{"level":"info","message":"⌛ Building environment","timeElapsed":221,"timestamp":"2025-04-04T00:00:48.720Z"}
{"level":"info","message":"⌛ Building environment","timeElapsed":361,"timestamp":"2025-04-04T00:00:49.083Z"}
{"level":"info","message":"⌛ Building environment","timeElapsed":185,"timestamp":"2025-04-04T00:00:49.270Z"}
{"level":"info","message":"⌛ Building environment","timeElapsed":187,"timestamp":"2025-04-04T00:00:49.458Z"}
{"level":"info","message":"⌛ Building environment","timeElapsed":179,"timestamp":"2025-04-04T00:00:49.639Z"}
{"level":"info","message":"⌛ Building environment","timeElapsed":296,"timestamp":"2025-04-04T00:00:49.938Z"}
{"level":"info","message":"⌛ Building environment","timeElapsed":258,"timestamp":"2025-04-04T00:00:50.201Z"}
{"level":"info","message":"⌛ Building environment","timeElapsed":173,"timestamp":"2025-04-04T00:00:50.375Z"}
{"level":"info","message":"⌛ Building environment","timeElapsed":189,"timestamp":"2025-04-04T00:00:50.567Z"}
{"level":"info","message":"⌛ Building environment","timeElapsed":175,"timestamp":"2025-04-04T00:00:50.742Z"}
{"level":"info","message":"⌛ Validating bolichito-NicolaasBravoo-main/palabraFijadaSM.wlk","timeElapsed":270,"timestamp":"2025-04-04T00:00:51.013Z"}
{"level":"info","message":"⌛ Building environment","timeElapsed":206,"timestamp":"2025-04-04T00:00:51.220Z"}
{"level":"info","message":"⌛ Validating bolichito-NicolaasBravoo-main/palabraFijadaSM.wlk","timeElapsed":280,"timestamp":"2025-04-04T00:00:51.501Z"}
{"level":"info","message":"⌛ Validating bolichito-NicolaasBravoo-main/palabraFijadaSM.wlk","timeElapsed":262,"timestamp":"2025-04-04T00:00:51.772Z"}
{"level":"info","message":"⌛ Validating bolichito-NicolaasBravoo-main/palabraFijadaSM.wlk","timeElapsed":279,"timestamp":"2025-04-04T00:00:52.052Z"}
{"level":"info","message":"⌛ Validating bolichito-NicolaasBravoo-main/palabraFijadaSM.wlk","timeElapsed":273,"timestamp":"2025-04-04T00:00:52.325Z"}
{"level":"info","message":"⌛ Validating bolichito-NicolaasBravoo-main/palabraFijadaSM.wlk","timeElapsed":226,"timestamp":"2025-04-04T00:00:52.551Z"}
{"level":"info","message":"⌛ Validating bolichito-NicolaasBravoo-main/palabraFijadaSM.wlk","timeElapsed":304,"timestamp":"2025-04-04T00:00:52.856Z"}
{"level":"info","message":"⌛ Validating bolichito-NicolaasBravoo-main/palabraFijadaSM.wlk","timeElapsed":233,"timestamp":"2025-04-04T00:00:53.089Z"}
{"level":"info","message":"⌛ Validating bolichito-NicolaasBravoo-main/palabraFijadaSM.wlk","timeElapsed":234,"timestamp":"2025-04-04T00:00:53.323Z"}
{"level":"info","message":"⌛ Validating bolichito-NicolaasBravoo-main/palabraFijadaSM.wlk","timeElapsed":236,"timestamp":"2025-04-04T00:00:53.559Z"}
{"level":"info","message":"⌛ Validating bolichito-NicolaasBravoo-main/palabraFijadaSM.wlk","timeElapsed":231,"timestamp":"2025-04-04T00:00:53.836Z"}
{"level":"info","message":"⌛ Validating bolichito-NicolaasBravoo-main/palabraFijadaSM.wlk","timeElapsed":241,"timestamp":"2025-04-04T00:00:54.080Z"}
{"level":"info","message":"⌛ Building environment","timeElapsed":227,"timestamp":"2025-04-04T00:01:22.670Z"}
{"level":"info","message":"⌛ Validating bolichito-NicolaasBravoo-main/palabraFijadaSM.wlk","timeElapsed":295,"timestamp":"2025-04-04T00:01:22.968Z"}
{"level":"info","message":"⌛ Building environment","timeElapsed":226,"timestamp":"2025-04-04T00:01:23.205Z"}
{"level":"info","message":"⌛ Building environment","timeElapsed":210,"timestamp":"2025-04-04T00:01:23.416Z"}
{"level":"error","message":"✘ Completions for node Field ([9:2, 9:17] - bolichito-NicolaasBravoo-main/palabraFijadaSM.wlk) failed: Error: bolichito-NicolaasBravoo-main.palabraFijadaSM.palabraFijada.palabra [Field]{d959dd} at bolichito-NicolaasBravoo-main/palabraFijadaSM.wlk:9 exhausted all cases without a match bolichito-NicolaasBravoo-main.palabraFijadaSM.palabraFijada.palabra [Field]{d959dd} at bolichito-NicolaasBravoo-main/palabraFijadaSM.wlk:9 exhausted all cases without a match","stack":"Error: bolichito-NicolaasBravoo-main.palabraFijadaSM.palabraFijada.palabra [Field]{d959dd} at bolichito-NicolaasBravoo-main/palabraFijadaSM.wlk:9 exhausted all cases without a match\n    at c:\\Users\\nicol\\.vscode\\extensions\\uqbar.wollok-lsp-ide-0.5.0\\out\\server\\src\\server.js:38:6142\n    at Gh (c:\\Users\\nicol\\.vscode\\extensions\\uqbar.wollok-lsp-ide-0.5.0\\out\\server\\src\\server.js:2362:42)\n    at Kh (c:\\Users\\nicol\\.vscode\\extensions\\uqbar.wollok-lsp-ide-0.5.0\\out\\server\\src\\server.js:2362:1053)\n    at d8n (c:\\Users\\nicol\\.vscode\\extensions\\uqbar.wollok-lsp-ide-0.5.0\\out\\server\\src\\server.js:2362:1209)\n    at c:\\Users\\nicol\\.vscode\\extensions\\uqbar.wollok-lsp-ide-0.5.0\\out\\server\\src\\server.js:38:6131\n    at Gh (c:\\Users\\nicol\\.vscode\\extensions\\uqbar.wollok-lsp-ide-0.5.0\\out\\server\\src\\server.js:2362:42)\n    at c:\\Users\\nicol\\.vscode\\extensions\\uqbar.wollok-lsp-ide-0.5.0\\out\\server\\src\\server.js:2362:2949\n    at c:\\Users\\nicol\\.vscode\\extensions\\uqbar.wollok-lsp-ide-0.5.0\\out\\server\\src\\server.js:2371:8632\n    at c:\\Users\\nicol\\.vscode\\extensions\\uqbar.wollok-lsp-ide-0.5.0\\out\\server\\src\\server.js:37:74872\n    at Ye (c:\\Users\\nicol\\.vscode\\extensions\\uqbar.wollok-lsp-ide-0.5.0\\out\\server\\src\\server.js:7:8527)","timestamp":"2025-04-04T00:01:23.466Z"}
{"level":"info","message":"⌛ Building environment","timeElapsed":190,"timestamp":"2025-04-04T00:01:23.657Z"}
{"level":"info","message":"⌛ Validating bolichito-NicolaasBravoo-main/palabraFijadaSM.wlk","timeElapsed":296,"timestamp":"2025-04-04T00:01:23.954Z"}
{"level":"info","message":"⌛ Building environment","timeElapsed":188,"timestamp":"2025-04-04T00:01:24.143Z"}
{"level":"info","message":"⌛ Validating bolichito-NicolaasBravoo-main/palabraFijadaSM.wlk","timeElapsed":224,"timestamp":"2025-04-04T00:01:24.367Z"}
{"level":"info","message":"⌛ Building environment","timeElapsed":204,"timestamp":"2025-04-04T00:01:24.573Z"}
{"level":"error","message":"✘ Completions for node Literal ([9:16, 9:20] - bolichito-NicolaasBravoo-main/palabraFijadaSM.wlk) failed: Error: [Literal]{976503} at bolichito-NicolaasBravoo-main/palabraFijadaSM.wlk:9 exhausted all cases without a match [Literal]{976503} at bolichito-NicolaasBravoo-main/palabraFijadaSM.wlk:9 exhausted all cases without a match","stack":"Error: [Literal]{976503} at bolichito-NicolaasBravoo-main/palabraFijadaSM.wlk:9 exhausted all cases without a match\n    at c:\\Users\\nicol\\.vscode\\extensions\\uqbar.wollok-lsp-ide-0.5.0\\out\\server\\src\\server.js:38:6142\n    at Gh (c:\\Users\\nicol\\.vscode\\extensions\\uqbar.wollok-lsp-ide-0.5.0\\out\\server\\src\\server.js:2362:42)\n    at c:\\Users\\nicol\\.vscode\\extensions\\uqbar.wollok-lsp-ide-0.5.0\\out\\server\\src\\server.js:2362:2949\n    at c:\\Users\\nicol\\.vscode\\extensions\\uqbar.wollok-lsp-ide-0.5.0\\out\\server\\src\\server.js:2371:8632\n    at c:\\Users\\nicol\\.vscode\\extensions\\uqbar.wollok-lsp-ide-0.5.0\\out\\server\\src\\server.js:37:74872\n    at Ye (c:\\Users\\nicol\\.vscode\\extensions\\uqbar.wollok-lsp-ide-0.5.0\\out\\server\\src\\server.js:7:8527)\n    at Dt (c:\\Users\\nicol\\.vscode\\extensions\\uqbar.wollok-lsp-ide-0.5.0\\out\\server\\src\\server.js:7:6189)\n    at Zi (c:\\Users\\nicol\\.vscode\\extensions\\uqbar.wollok-lsp-ide-0.5.0\\out\\server\\src\\server.js:7:6378)\n    at Immediate._onImmediate (c:\\Users\\nicol\\.vscode\\extensions\\uqbar.wollok-lsp-ide-0.5.0\\out\\server\\src\\server.js:7:6142)\n    at process.processImmediate (node:internal/timers:483:21)","timestamp":"2025-04-04T00:01:24.618Z"}
{"level":"error","message":"✘ Completions for node Field ([9:2, 9:20] - bolichito-NicolaasBravoo-main/palabraFijadaSM.wlk) failed: Error: bolichito-NicolaasBravoo-main.palabraFijadaSM.palabraFijada.palabra [Field]{9a3622} at bolichito-NicolaasBravoo-main/palabraFijadaSM.wlk:9 exhausted all cases without a match bolichito-NicolaasBravoo-main.palabraFijadaSM.palabraFijada.palabra [Field]{9a3622} at bolichito-NicolaasBravoo-main/palabraFijadaSM.wlk:9 exhausted all cases without a match","stack":"Error: bolichito-NicolaasBravoo-main.palabraFijadaSM.palabraFijada.palabra [Field]{9a3622} at bolichito-NicolaasBravoo-main/palabraFijadaSM.wlk:9 exhausted all cases without a match\n    at c:\\Users\\nicol\\.vscode\\extensions\\uqbar.wollok-lsp-ide-0.5.0\\out\\server\\src\\server.js:38:6142\n    at Gh (c:\\Users\\nicol\\.vscode\\extensions\\uqbar.wollok-lsp-ide-0.5.0\\out\\server\\src\\server.js:2362:42)\n    at Kh (c:\\Users\\nicol\\.vscode\\extensions\\uqbar.wollok-lsp-ide-0.5.0\\out\\server\\src\\server.js:2362:1053)\n    at Gh (c:\\Users\\nicol\\.vscode\\extensions\\uqbar.wollok-lsp-ide-0.5.0\\out\\server\\src\\server.js:2362:505)\n    at c:\\Users\\nicol\\.vscode\\extensions\\uqbar.wollok-lsp-ide-0.5.0\\out\\server\\src\\server.js:2362:2949\n    at c:\\Users\\nicol\\.vscode\\extensions\\uqbar.wollok-lsp-ide-0.5.0\\out\\server\\src\\server.js:2371:8632\n    at c:\\Users\\nicol\\.vscode\\extensions\\uqbar.wollok-lsp-ide-0.5.0\\out\\server\\src\\server.js:37:74872\n    at Ye (c:\\Users\\nicol\\.vscode\\extensions\\uqbar.wollok-lsp-ide-0.5.0\\out\\server\\src\\server.js:7:8527)\n    at Dt (c:\\Users\\nicol\\.vscode\\extensions\\uqbar.wollok-lsp-ide-0.5.0\\out\\server\\src\\server.js:7:6189)\n    at Zi (c:\\Users\\nicol\\.vscode\\extensions\\uqbar.wollok-lsp-ide-0.5.0\\out\\server\\src\\server.js:7:6378)","timestamp":"2025-04-04T00:01:24.619Z"}
{"level":"info","message":"⌛ Validating bolichito-NicolaasBravoo-main/palabraFijadaSM.wlk","timeElapsed":227,"timestamp":"2025-04-04T00:01:24.848Z"}
{"level":"info","message":"⌛ Validating bolichito-NicolaasBravoo-main/palabraFijadaSM.wlk","timeElapsed":232,"timestamp":"2025-04-04T00:01:25.087Z"}
{"level":"info","message":"⌛ Validating bolichito-NicolaasBravoo-main/palabraFijadaSM.wlk","timeElapsed":220,"timestamp":"2025-04-04T00:01:25.310Z"}
{"level":"info","message":"⌛ Building environment","timeElapsed":257,"timestamp":"2025-04-04T00:01:28.375Z"}
{"level":"info","message":"⌛ Validating bolichito-NicolaasBravoo-main/palabraFijada.wlk","timeElapsed":262,"timestamp":"2025-04-04T00:01:28.654Z"}
{"level":"info","message":"⌛ Building environment","timeElapsed":302,"timestamp":"2025-04-04T00:01:35.454Z"}
{"level":"info","message":"⌛ Validating bolichito-NicolaasBravoo-main/palabraFijada.wlk","timeElapsed":276,"timestamp":"2025-04-04T00:01:35.763Z"}
{"level":"info","message":"⌛ Building environment","timeElapsed":224,"timestamp":"2025-04-04T00:01:36.003Z"}
{"level":"info","message":"⌛ Validating bolichito-NicolaasBravoo-main/palabraFijada.wlk","timeElapsed":224,"timestamp":"2025-04-04T00:01:36.228Z"}
{"level":"info","message":"⌛ Building environment","timeElapsed":234,"timestamp":"2025-04-04T00:01:37.013Z"}
{"level":"error","message":"✘ Completions for node Field ([9:2, 9:17] - bolichito-NicolaasBravoo-main/palabraFijada.wlk) failed: Error: bolichito-NicolaasBravoo-main.palabraFijada.palabraFijada.palabra [Field]{1b7097} at bolichito-NicolaasBravoo-main/palabraFijada.wlk:9 exhausted all cases without a match bolichito-NicolaasBravoo-main.palabraFijada.palabraFijada.palabra [Field]{1b7097} at bolichito-NicolaasBravoo-main/palabraFijada.wlk:9 exhausted all cases without a match","stack":"Error: bolichito-NicolaasBravoo-main.palabraFijada.palabraFijada.palabra [Field]{1b7097} at bolichito-NicolaasBravoo-main/palabraFijada.wlk:9 exhausted all cases without a match\n    at c:\\Users\\nicol\\.vscode\\extensions\\uqbar.wollok-lsp-ide-0.5.0\\out\\server\\src\\server.js:38:6142\n    at Gh (c:\\Users\\nicol\\.vscode\\extensions\\uqbar.wollok-lsp-ide-0.5.0\\out\\server\\src\\server.js:2362:42)\n    at Kh (c:\\Users\\nicol\\.vscode\\extensions\\uqbar.wollok-lsp-ide-0.5.0\\out\\server\\src\\server.js:2362:1053)\n    at d8n (c:\\Users\\nicol\\.vscode\\extensions\\uqbar.wollok-lsp-ide-0.5.0\\out\\server\\src\\server.js:2362:1209)\n    at c:\\Users\\nicol\\.vscode\\extensions\\uqbar.wollok-lsp-ide-0.5.0\\out\\server\\src\\server.js:38:6131\n    at Gh (c:\\Users\\nicol\\.vscode\\extensions\\uqbar.wollok-lsp-ide-0.5.0\\out\\server\\src\\server.js:2362:42)\n    at c:\\Users\\nicol\\.vscode\\extensions\\uqbar.wollok-lsp-ide-0.5.0\\out\\server\\src\\server.js:2362:2949\n    at c:\\Users\\nicol\\.vscode\\extensions\\uqbar.wollok-lsp-ide-0.5.0\\out\\server\\src\\server.js:2371:8632\n    at c:\\Users\\nicol\\.vscode\\extensions\\uqbar.wollok-lsp-ide-0.5.0\\out\\server\\src\\server.js:37:74872\n    at Ye (c:\\Users\\nicol\\.vscode\\extensions\\uqbar.wollok-lsp-ide-0.5.0\\out\\server\\src\\server.js:7:8527)","timestamp":"2025-04-04T00:01:37.056Z"}
{"level":"info","message":"⌛ Building environment","timeElapsed":276,"timestamp":"2025-04-04T00:01:37.332Z"}
{"level":"info","message":"⌛ Validating bolichito-NicolaasBravoo-main/palabraFijada.wlk","timeElapsed":289,"timestamp":"2025-04-04T00:01:37.622Z"}
{"level":"info","message":"onRequest - completionItem/resolve","timestamp":"2025-04-04T00:01:37.623Z"}
{"level":"info","message":"⌛ Building environment","timeElapsed":215,"timestamp":"2025-04-04T00:01:37.838Z"}
{"level":"error","message":"✘ Completions for node Field ([9:2, 9:19] - bolichito-NicolaasBravoo-main/palabraFijada.wlk) failed: Error: bolichito-NicolaasBravoo-main.palabraFijada.palabraFijada.palabra [Field]{2a2426} at bolichito-NicolaasBravoo-main/palabraFijada.wlk:9 exhausted all cases without a match bolichito-NicolaasBravoo-main.palabraFijada.palabraFijada.palabra [Field]{2a2426} at bolichito-NicolaasBravoo-main/palabraFijada.wlk:9 exhausted all cases without a match","stack":"Error: bolichito-NicolaasBravoo-main.palabraFijada.palabraFijada.palabra [Field]{2a2426} at bolichito-NicolaasBravoo-main/palabraFijada.wlk:9 exhausted all cases without a match\n    at c:\\Users\\nicol\\.vscode\\extensions\\uqbar.wollok-lsp-ide-0.5.0\\out\\server\\src\\server.js:38:6142\n    at Gh (c:\\Users\\nicol\\.vscode\\extensions\\uqbar.wollok-lsp-ide-0.5.0\\out\\server\\src\\server.js:2362:42)\n    at Kh (c:\\Users\\nicol\\.vscode\\extensions\\uqbar.wollok-lsp-ide-0.5.0\\out\\server\\src\\server.js:2362:1053)\n    at d8n (c:\\Users\\nicol\\.vscode\\extensions\\uqbar.wollok-lsp-ide-0.5.0\\out\\server\\src\\server.js:2362:1209)\n    at c:\\Users\\nicol\\.vscode\\extensions\\uqbar.wollok-lsp-ide-0.5.0\\out\\server\\src\\server.js:38:6131\n    at Gh (c:\\Users\\nicol\\.vscode\\extensions\\uqbar.wollok-lsp-ide-0.5.0\\out\\server\\src\\server.js:2362:42)\n    at c:\\Users\\nicol\\.vscode\\extensions\\uqbar.wollok-lsp-ide-0.5.0\\out\\server\\src\\server.js:2362:2949\n    at c:\\Users\\nicol\\.vscode\\extensions\\uqbar.wollok-lsp-ide-0.5.0\\out\\server\\src\\server.js:2371:8632\n    at c:\\Users\\nicol\\.vscode\\extensions\\uqbar.wollok-lsp-ide-0.5.0\\out\\server\\src\\server.js:37:74872\n    at Ye (c:\\Users\\nicol\\.vscode\\extensions\\uqbar.wollok-lsp-ide-0.5.0\\out\\server\\src\\server.js:7:8527)","timestamp":"2025-04-04T00:01:37.885Z"}
{"level":"info","message":"⌛ Validating bolichito-NicolaasBravoo-main/palabraFijada.wlk","timeElapsed":234,"timestamp":"2025-04-04T00:01:38.120Z"}
{"level":"info","message":"⌛ Building environment","timeElapsed":207,"timestamp":"2025-04-04T00:01:38.329Z"}
{"level":"info","message":"⌛ Validating bolichito-NicolaasBravoo-main/palabraFijada.wlk","timeElapsed":287,"timestamp":"2025-04-04T00:01:38.629Z"}
{"level":"info","message":"⌛ Validating bolichito-NicolaasBravoo-main/palabraFijada.wlk","timeElapsed":301,"timestamp":"2025-04-04T00:01:38.933Z"}
{"level":"info","message":"⌛ Building environment","timeElapsed":307,"timestamp":"2025-04-04T00:01:50.453Z"}
{"level":"info","message":"⌛ Validating bolichito-NicolaasBravoo-main/listaNivelSM.wlk","timeElapsed":278,"timestamp":"2025-04-04T00:01:50.807Z"}
{"level":"info","message":"⌛ Building environment","timeElapsed":245,"timestamp":"2025-04-04T00:01:51.053Z"}
{"level":"info","message":"⌛ Validating bolichito-NicolaasBravoo-main/listaNivelSM.wlk","timeElapsed":240,"timestamp":"2025-04-04T00:01:51.304Z"}
{"level":"info","message":"⌛ Building environment","timeElapsed":236,"timestamp":"2025-04-04T00:01:51.630Z"}
{"level":"info","message":"⌛ Building environment","timeElapsed":220,"timestamp":"2025-04-04T00:01:51.853Z"}
{"level":"error","message":"✘ Completions for node Field ([27:5, 27:36] - bolichito-NicolaasBravoo-main/listaNivelSM.wlk) failed: Error: bolichito-NicolaasBravoo-main.listaNivelSM.lista2.palabraElegida [Field]{343318} at bolichito-NicolaasBravoo-main/listaNivelSM.wlk:27 exhausted all cases without a match bolichito-NicolaasBravoo-main.listaNivelSM.lista2.palabraElegida [Field]{343318} at bolichito-NicolaasBravoo-main/listaNivelSM.wlk:27 exhausted all cases without a match","stack":"Error: bolichito-NicolaasBravoo-main.listaNivelSM.lista2.palabraElegida [Field]{343318} at bolichito-NicolaasBravoo-main/listaNivelSM.wlk:27 exhausted all cases without a match\n    at c:\\Users\\nicol\\.vscode\\extensions\\uqbar.wollok-lsp-ide-0.5.0\\out\\server\\src\\server.js:38:6142\n    at Gh (c:\\Users\\nicol\\.vscode\\extensions\\uqbar.wollok-lsp-ide-0.5.0\\out\\server\\src\\server.js:2362:42)\n    at Kh (c:\\Users\\nicol\\.vscode\\extensions\\uqbar.wollok-lsp-ide-0.5.0\\out\\server\\src\\server.js:2362:1053)\n    at d8n (c:\\Users\\nicol\\.vscode\\extensions\\uqbar.wollok-lsp-ide-0.5.0\\out\\server\\src\\server.js:2362:1209)\n    at c:\\Users\\nicol\\.vscode\\extensions\\uqbar.wollok-lsp-ide-0.5.0\\out\\server\\src\\server.js:38:6131\n    at Gh (c:\\Users\\nicol\\.vscode\\extensions\\uqbar.wollok-lsp-ide-0.5.0\\out\\server\\src\\server.js:2362:42)\n    at c:\\Users\\nicol\\.vscode\\extensions\\uqbar.wollok-lsp-ide-0.5.0\\out\\server\\src\\server.js:2362:2949\n    at c:\\Users\\nicol\\.vscode\\extensions\\uqbar.wollok-lsp-ide-0.5.0\\out\\server\\src\\server.js:2371:8632\n    at c:\\Users\\nicol\\.vscode\\extensions\\uqbar.wollok-lsp-ide-0.5.0\\out\\server\\src\\server.js:37:74872\n    at Ye (c:\\Users\\nicol\\.vscode\\extensions\\uqbar.wollok-lsp-ide-0.5.0\\out\\server\\src\\server.js:7:8527)","timestamp":"2025-04-04T00:01:51.896Z"}
{"level":"info","message":"⌛ Validating bolichito-NicolaasBravoo-main/listaNivelSM.wlk","timeElapsed":263,"timestamp":"2025-04-04T00:01:52.161Z"}
{"level":"info","message":"⌛ Building environment","timeElapsed":224,"timestamp":"2025-04-04T00:01:52.386Z"}
{"level":"info","message":"⌛ Validating bolichito-NicolaasBravoo-main/listaNivelSM.wlk","timeElapsed":232,"timestamp":"2025-04-04T00:01:52.619Z"}
{"level":"info","message":"onRequest - completionItem/resolve","timestamp":"2025-04-04T00:01:52.620Z"}
{"level":"info","message":"⌛ Building environment","timeElapsed":208,"timestamp":"2025-04-04T00:01:52.828Z"}
{"level":"error","message":"✘ Completions for node Field ([27:5, 27:38] - bolichito-NicolaasBravoo-main/listaNivelSM.wlk) failed: Error: bolichito-NicolaasBravoo-main.listaNivelSM.lista2.palabraElegida [Field]{e491e4} at bolichito-NicolaasBravoo-main/listaNivelSM.wlk:27 exhausted all cases without a match bolichito-NicolaasBravoo-main.listaNivelSM.lista2.palabraElegida [Field]{e491e4} at bolichito-NicolaasBravoo-main/listaNivelSM.wlk:27 exhausted all cases without a match","stack":"Error: bolichito-NicolaasBravoo-main.listaNivelSM.lista2.palabraElegida [Field]{e491e4} at bolichito-NicolaasBravoo-main/listaNivelSM.wlk:27 exhausted all cases without a match\n    at c:\\Users\\nicol\\.vscode\\extensions\\uqbar.wollok-lsp-ide-0.5.0\\out\\server\\src\\server.js:38:6142\n    at Gh (c:\\Users\\nicol\\.vscode\\extensions\\uqbar.wollok-lsp-ide-0.5.0\\out\\server\\src\\server.js:2362:42)\n    at Kh (c:\\Users\\nicol\\.vscode\\extensions\\uqbar.wollok-lsp-ide-0.5.0\\out\\server\\src\\server.js:2362:1053)\n    at d8n (c:\\Users\\nicol\\.vscode\\extensions\\uqbar.wollok-lsp-ide-0.5.0\\out\\server\\src\\server.js:2362:1209)\n    at c:\\Users\\nicol\\.vscode\\extensions\\uqbar.wollok-lsp-ide-0.5.0\\out\\server\\src\\server.js:38:6131\n    at Gh (c:\\Users\\nicol\\.vscode\\extensions\\uqbar.wollok-lsp-ide-0.5.0\\out\\server\\src\\server.js:2362:42)\n    at c:\\Users\\nicol\\.vscode\\extensions\\uqbar.wollok-lsp-ide-0.5.0\\out\\server\\src\\server.js:2362:2949\n    at c:\\Users\\nicol\\.vscode\\extensions\\uqbar.wollok-lsp-ide-0.5.0\\out\\server\\src\\server.js:2371:8632\n    at c:\\Users\\nicol\\.vscode\\extensions\\uqbar.wollok-lsp-ide-0.5.0\\out\\server\\src\\server.js:37:74872\n    at Ye (c:\\Users\\nicol\\.vscode\\extensions\\uqbar.wollok-lsp-ide-0.5.0\\out\\server\\src\\server.js:7:8527)","timestamp":"2025-04-04T00:01:52.871Z"}
{"level":"info","message":"⌛ Building environment","timeElapsed":214,"timestamp":"2025-04-04T00:01:53.086Z"}
{"level":"info","message":"⌛ Validating bolichito-NicolaasBravoo-main/listaNivelSM.wlk","timeElapsed":271,"timestamp":"2025-04-04T00:01:53.366Z"}
{"level":"info","message":"⌛ Validating bolichito-NicolaasBravoo-main/listaNivelSM.wlk","timeElapsed":304,"timestamp":"2025-04-04T00:01:53.684Z"}
{"level":"info","message":"⌛ Validating bolichito-NicolaasBravoo-main/listaNivelSM.wlk","timeElapsed":260,"timestamp":"2025-04-04T00:01:53.951Z"}
{"level":"info","message":"⌛ Building environment","timeElapsed":273,"timestamp":"2025-04-04T00:01:56.250Z"}
{"level":"info","message":"⌛ Validating bolichito-NicolaasBravoo-main/listaNivel1.wlk","timeElapsed":263,"timestamp":"2025-04-04T00:01:56.533Z"}
{"level":"info","message":"⌛ Building environment","timeElapsed":218,"timestamp":"2025-04-04T00:01:59.578Z"}
{"level":"info","message":"⌛ Validating bolichito-NicolaasBravoo-main/listaNivel1.wlk","timeElapsed":311,"timestamp":"2025-04-04T00:01:59.890Z"}
{"level":"info","message":"⌛ Building environment","timeElapsed":401,"timestamp":"2025-04-04T00:02:00.312Z"}
{"level":"info","message":"⌛ Building environment","timeElapsed":249,"timestamp":"2025-04-04T00:02:00.562Z"}
{"level":"error","message":"✘ Completions for node Field ([27:5, 27:35] - bolichito-NicolaasBravoo-main/listaNivel1.wlk) failed: Error: bolichito-NicolaasBravoo-main.listaNivel1.lista1.palabraElegida [Field]{6998ec} at bolichito-NicolaasBravoo-main/listaNivel1.wlk:27 exhausted all cases without a match bolichito-NicolaasBravoo-main.listaNivel1.lista1.palabraElegida [Field]{6998ec} at bolichito-NicolaasBravoo-main/listaNivel1.wlk:27 exhausted all cases without a match","stack":"Error: bolichito-NicolaasBravoo-main.listaNivel1.lista1.palabraElegida [Field]{6998ec} at bolichito-NicolaasBravoo-main/listaNivel1.wlk:27 exhausted all cases without a match\n    at c:\\Users\\nicol\\.vscode\\extensions\\uqbar.wollok-lsp-ide-0.5.0\\out\\server\\src\\server.js:38:6142\n    at Gh (c:\\Users\\nicol\\.vscode\\extensions\\uqbar.wollok-lsp-ide-0.5.0\\out\\server\\src\\server.js:2362:42)\n    at Kh (c:\\Users\\nicol\\.vscode\\extensions\\uqbar.wollok-lsp-ide-0.5.0\\out\\server\\src\\server.js:2362:1053)\n    at d8n (c:\\Users\\nicol\\.vscode\\extensions\\uqbar.wollok-lsp-ide-0.5.0\\out\\server\\src\\server.js:2362:1209)\n    at c:\\Users\\nicol\\.vscode\\extensions\\uqbar.wollok-lsp-ide-0.5.0\\out\\server\\src\\server.js:38:6131\n    at Gh (c:\\Users\\nicol\\.vscode\\extensions\\uqbar.wollok-lsp-ide-0.5.0\\out\\server\\src\\server.js:2362:42)\n    at c:\\Users\\nicol\\.vscode\\extensions\\uqbar.wollok-lsp-ide-0.5.0\\out\\server\\src\\server.js:2362:2949\n    at c:\\Users\\nicol\\.vscode\\extensions\\uqbar.wollok-lsp-ide-0.5.0\\out\\server\\src\\server.js:2371:8632\n    at c:\\Users\\nicol\\.vscode\\extensions\\uqbar.wollok-lsp-ide-0.5.0\\out\\server\\src\\server.js:37:74872\n    at Ye (c:\\Users\\nicol\\.vscode\\extensions\\uqbar.wollok-lsp-ide-0.5.0\\out\\server\\src\\server.js:7:8527)","timestamp":"2025-04-04T00:02:00.612Z"}
{"level":"info","message":"⌛ Validating bolichito-NicolaasBravoo-main/listaNivel1.wlk","timeElapsed":259,"timestamp":"2025-04-04T00:02:00.897Z"}
{"level":"info","message":"⌛ Validating bolichito-NicolaasBravoo-main/listaNivel1.wlk","timeElapsed":239,"timestamp":"2025-04-04T00:02:01.136Z"}
{"level":"info","message":"onRequest - completionItem/resolve","timestamp":"2025-04-04T00:02:01.137Z"}
{"level":"info","message":"⌛ Building environment","timeElapsed":209,"timestamp":"2025-04-04T00:02:01.393Z"}
{"level":"info","message":"onRequest - completionItem/resolve","timestamp":"2025-04-04T00:02:01.394Z"}
{"level":"info","message":"⌛ Validating bolichito-NicolaasBravoo-main/listaNivel1.wlk","timeElapsed":262,"timestamp":"2025-04-04T00:02:01.657Z"}
{"level":"info","message":"⌛ Building environment","timeElapsed":249,"timestamp":"2025-04-04T00:02:01.926Z"}
{"level":"info","message":"⌛ Validating bolichito-NicolaasBravoo-main/listaNivel1.wlk","timeElapsed":258,"timestamp":"2025-04-04T00:02:02.206Z"}
{"level":"info","message":"⌛ Building environment","timeElapsed":211,"timestamp":"2025-04-04T00:02:02.419Z"}
{"level":"info","message":"⌛ Validating bolichito-NicolaasBravoo-main/listaNivel1.wlk","timeElapsed":226,"timestamp":"2025-04-04T00:02:02.709Z"}
{"level":"info","message":"⌛ Building environment","timeElapsed":253,"timestamp":"2025-04-04T00:02:04.792Z"}
{"level":"error","message":"✘ Completions for node Field ([27:5, 27:37] - bolichito-NicolaasBravoo-main/listaNivel1.wlk) failed: Error: bolichito-NicolaasBravoo-main.listaNivel1.lista1.palabraElegida [Field]{cd0608} at bolichito-NicolaasBravoo-main/listaNivel1.wlk:27 exhausted all cases without a match bolichito-NicolaasBravoo-main.listaNivel1.lista1.palabraElegida [Field]{cd0608} at bolichito-NicolaasBravoo-main/listaNivel1.wlk:27 exhausted all cases without a match","stack":"Error: bolichito-NicolaasBravoo-main.listaNivel1.lista1.palabraElegida [Field]{cd0608} at bolichito-NicolaasBravoo-main/listaNivel1.wlk:27 exhausted all cases without a match\n    at c:\\Users\\nicol\\.vscode\\extensions\\uqbar.wollok-lsp-ide-0.5.0\\out\\server\\src\\server.js:38:6142\n    at Gh (c:\\Users\\nicol\\.vscode\\extensions\\uqbar.wollok-lsp-ide-0.5.0\\out\\server\\src\\server.js:2362:42)\n    at Kh (c:\\Users\\nicol\\.vscode\\extensions\\uqbar.wollok-lsp-ide-0.5.0\\out\\server\\src\\server.js:2362:1053)\n    at d8n (c:\\Users\\nicol\\.vscode\\extensions\\uqbar.wollok-lsp-ide-0.5.0\\out\\server\\src\\server.js:2362:1209)\n    at c:\\Users\\nicol\\.vscode\\extensions\\uqbar.wollok-lsp-ide-0.5.0\\out\\server\\src\\server.js:38:6131\n    at Gh (c:\\Users\\nicol\\.vscode\\extensions\\uqbar.wollok-lsp-ide-0.5.0\\out\\server\\src\\server.js:2362:42)\n    at c:\\Users\\nicol\\.vscode\\extensions\\uqbar.wollok-lsp-ide-0.5.0\\out\\server\\src\\server.js:2362:2949\n    at c:\\Users\\nicol\\.vscode\\extensions\\uqbar.wollok-lsp-ide-0.5.0\\out\\server\\src\\server.js:2371:8632\n    at c:\\Users\\nicol\\.vscode\\extensions\\uqbar.wollok-lsp-ide-0.5.0\\out\\server\\src\\server.js:37:74872\n    at Ye (c:\\Users\\nicol\\.vscode\\extensions\\uqbar.wollok-lsp-ide-0.5.0\\out\\server\\src\\server.js:7:8527)","timestamp":"2025-04-04T00:02:04.837Z"}
{"level":"info","message":"⌛ Building environment","timeElapsed":264,"timestamp":"2025-04-04T00:02:05.102Z"}
{"level":"info","message":"⌛ Validating bolichito-NicolaasBravoo-main/listaNivel1.wlk","timeElapsed":236,"timestamp":"2025-04-04T00:02:05.340Z"}
{"level":"info","message":"⌛ Validating bolichito-NicolaasBravoo-main/listaNivel1.wlk","timeElapsed":239,"timestamp":"2025-04-04T00:02:05.601Z"}
{"level":"info","message":"⌛ Building environment","timeElapsed":275,"timestamp":"2025-04-04T00:02:06.860Z"}
{"level":"info","message":"⌛ Validating bolichito-NicolaasBravoo-main/listaNivel1.wlk","timeElapsed":226,"timestamp":"2025-04-04T00:02:07.106Z"}
{"level":"info","message":"⌛ Building environment","timeElapsed":254,"timestamp":"2025-04-04T00:02:08.332Z"}
{"level":"info","message":"⌛ Validating bolichito-NicolaasBravoo-main/input.wlk","timeElapsed":289,"timestamp":"2025-04-04T00:02:08.633Z"}
{"level":"info","message":"⌛ Building environment","timeElapsed":196,"timestamp":"2025-04-04T00:02:12.165Z"}
{"level":"info","message":"⌛ Validating bolichito-NicolaasBravoo-main/input.wlk","timeElapsed":239,"timestamp":"2025-04-04T00:02:12.406Z"}
{"level":"info","message":"⌛ Building environment","timeElapsed":175,"timestamp":"2025-04-04T00:02:12.859Z"}
{"level":"info","message":"⌛ Validating bolichito-NicolaasBravoo-main/input.wlk","timeElapsed":244,"timestamp":"2025-04-04T00:02:13.104Z"}
{"level":"info","message":"⌛ Building environment","timeElapsed":273,"timestamp":"2025-04-04T00:02:13.377Z"}
{"level":"info","message":"⌛ Building environment","timeElapsed":181,"timestamp":"2025-04-04T00:02:13.571Z"}
{"level":"error","message":"✘ Completions for node Field ([3:2, 3:24] - bolichito-NicolaasBravoo-main/input.wlk) failed: Error: bolichito-NicolaasBravoo-main.input.input.letra [Field]{99b545} at bolichito-NicolaasBravoo-main/input.wlk:3 exhausted all cases without a match bolichito-NicolaasBravoo-main.input.input.letra [Field]{99b545} at bolichito-NicolaasBravoo-main/input.wlk:3 exhausted all cases without a match","stack":"Error: bolichito-NicolaasBravoo-main.input.input.letra [Field]{99b545} at bolichito-NicolaasBravoo-main/input.wlk:3 exhausted all cases without a match\n    at c:\\Users\\nicol\\.vscode\\extensions\\uqbar.wollok-lsp-ide-0.5.0\\out\\server\\src\\server.js:38:6142\n    at Gh (c:\\Users\\nicol\\.vscode\\extensions\\uqbar.wollok-lsp-ide-0.5.0\\out\\server\\src\\server.js:2362:42)\n    at Kh (c:\\Users\\nicol\\.vscode\\extensions\\uqbar.wollok-lsp-ide-0.5.0\\out\\server\\src\\server.js:2362:1053)\n    at d8n (c:\\Users\\nicol\\.vscode\\extensions\\uqbar.wollok-lsp-ide-0.5.0\\out\\server\\src\\server.js:2362:1209)\n    at c:\\Users\\nicol\\.vscode\\extensions\\uqbar.wollok-lsp-ide-0.5.0\\out\\server\\src\\server.js:38:6131\n    at Gh (c:\\Users\\nicol\\.vscode\\extensions\\uqbar.wollok-lsp-ide-0.5.0\\out\\server\\src\\server.js:2362:42)\n    at c:\\Users\\nicol\\.vscode\\extensions\\uqbar.wollok-lsp-ide-0.5.0\\out\\server\\src\\server.js:2362:2949\n    at c:\\Users\\nicol\\.vscode\\extensions\\uqbar.wollok-lsp-ide-0.5.0\\out\\server\\src\\server.js:2371:8632\n    at c:\\Users\\nicol\\.vscode\\extensions\\uqbar.wollok-lsp-ide-0.5.0\\out\\server\\src\\server.js:37:74872\n    at Ye (c:\\Users\\nicol\\.vscode\\extensions\\uqbar.wollok-lsp-ide-0.5.0\\out\\server\\src\\server.js:7:8527)","timestamp":"2025-04-04T00:02:13.692Z"}
{"level":"info","message":"⌛ Autocomplete - Reference","timeElapsed":102,"timestamp":"2025-04-04T00:02:13.692Z"}
{"level":"info","message":"⌛ Building environment","timeElapsed":223,"timestamp":"2025-04-04T00:02:13.916Z"}
{"level":"info","message":"⌛ Validating bolichito-NicolaasBravoo-main/input.wlk","timeElapsed":289,"timestamp":"2025-04-04T00:02:14.206Z"}
{"level":"info","message":"⌛ Building environment","timeElapsed":163,"timestamp":"2025-04-04T00:02:14.370Z"}
{"level":"info","message":"⌛ Validating bolichito-NicolaasBravoo-main/input.wlk","timeElapsed":235,"timestamp":"2025-04-04T00:02:14.606Z"}
{"level":"info","message":"⌛ Building environment","timeElapsed":287,"timestamp":"2025-04-04T00:02:14.905Z"}
{"level":"info","message":"⌛ Validating bolichito-NicolaasBravoo-main/input.wlk","timeElapsed":269,"timestamp":"2025-04-04T00:02:15.175Z"}
{"level":"info","message":"⌛ Validating bolichito-NicolaasBravoo-main/input.wlk","timeElapsed":245,"timestamp":"2025-04-04T00:02:15.432Z"}
{"level":"info","message":"⌛ Validating bolichito-NicolaasBravoo-main/input.wlk","timeElapsed":241,"timestamp":"2025-04-04T00:02:15.675Z"}
{"level":"info","message":"⌛ Building environment","timeElapsed":318,"timestamp":"2025-04-04T00:02:17.921Z"}
{"level":"info","message":"⌛ Validating bolichito-NicolaasBravoo-main/program.wpgm","timeElapsed":342,"timestamp":"2025-04-04T00:02:18.327Z"}
{"level":"info","message":"⌛ Building environment","timeElapsed":208,"timestamp":"2025-04-04T00:02:21.534Z"}
{"level":"info","message":"⌛ Validating bolichito-NicolaasBravoo-main/program.wpgm","timeElapsed":287,"timestamp":"2025-04-04T00:02:21.825Z"}
{"level":"info","message":"⌛ Building environment","timeElapsed":405,"timestamp":"2025-04-04T00:03:19.604Z"}
{"level":"info","message":"⌛ Validating bolichito-NicolaasBravoo-main/configSM.wlk","timeElapsed":302,"timestamp":"2025-04-04T00:03:19.990Z"}
{"level":"info","message":"⌛ Building environment","timeElapsed":220,"timestamp":"2025-04-27T16:53:03.647Z"}
{"level":"info","message":"onRequest - WORKSPACE_URI:file:///e%3A/xtype/xtype","timestamp":"2025-04-27T16:53:03.654Z"}
{"level":"info","message":"⌛ Building environment","timeElapsed":120,"timestamp":"2025-04-27T16:53:03.778Z"}
{"level":"info","message":"⌛ Building environment","timeElapsed":127,"timestamp":"2025-04-27T16:53:03.911Z"}
{"level":"info","message":"⌛ Building environment","timeElapsed":120,"timestamp":"2025-04-27T16:53:04.032Z"}
{"level":"info","message":"⌛ Building environment","timeElapsed":125,"timestamp":"2025-04-27T16:53:04.160Z"}
{"level":"info","message":"⌛ Building environment","timeElapsed":101,"timestamp":"2025-04-27T16:53:04.262Z"}
{"level":"info","message":"⌛ Validating src/barraDeVida.wlk","timeElapsed":136,"timestamp":"2025-04-27T16:53:04.476Z"}
{"level":"info","message":"⌛ Building environment","timeElapsed":186,"timestamp":"2025-04-27T16:53:04.664Z"}
{"level":"info","message":"⌛ Building environment","timeElapsed":103,"timestamp":"2025-04-27T16:53:04.775Z"}
{"level":"info","message":"⌛ Building environment","timeElapsed":102,"timestamp":"2025-04-27T16:53:05.069Z"}
{"level":"info","message":"⌛ Building environment","timeElapsed":124,"timestamp":"2025-04-27T16:53:05.285Z"}
{"level":"info","message":"⌛ Validating src/test_game.wtest","timeElapsed":207,"timestamp":"2025-04-27T16:53:05.493Z"}
{"level":"info","message":"⌛ Building environment","timeElapsed":147,"timestamp":"2025-04-27T16:53:05.641Z"}
{"level":"info","message":"⌛ Building environment","timeElapsed":104,"timestamp":"2025-04-27T16:53:05.746Z"}
{"level":"info","message":"⌛ Building environment","timeElapsed":101,"timestamp":"2025-04-27T16:53:05.850Z"}
{"level":"info","message":"⌛ Building environment","timeElapsed":107,"timestamp":"2025-04-27T16:53:05.957Z"}
{"level":"info","message":"⌛ Building environment","timeElapsed":109,"timestamp":"2025-04-27T16:53:06.069Z"}
{"level":"info","message":"⌛ Validating src/sonidoTipeo.wlk","timeElapsed":114,"timestamp":"2025-04-27T16:53:06.184Z"}
{"level":"info","message":"⌛ Building environment","timeElapsed":227,"timestamp":"2025-04-27T16:53:06.411Z"}
{"level":"info","message":"⌛ Building environment","timeElapsed":175,"timestamp":"2025-04-27T16:53:06.586Z"}
{"level":"info","message":"⌛ Building environment","timeElapsed":232,"timestamp":"2025-04-27T16:53:06.819Z"}
{"level":"info","message":"⌛ Building environment","timeElapsed":133,"timestamp":"2025-04-27T16:53:06.954Z"}
{"level":"info","message":"⌛ Validating src/scoreSM.wlk","timeElapsed":113,"timestamp":"2025-04-27T16:53:07.068Z"}
{"level":"info","message":"⌛ Validating src/score.wlk","timeElapsed":121,"timestamp":"2025-04-27T16:53:07.190Z"}
{"level":"info","message":"⌛ Validating src/program.wpgm","timeElapsed":127,"timestamp":"2025-04-27T16:53:07.317Z"}
{"level":"info","message":"⌛ Validating src/barraDeVida.wlk","timeElapsed":156,"timestamp":"2025-04-27T16:53:07.473Z"}
{"level":"info","message":"⌛ Validating src/palabrasSM.wlk","timeElapsed":111,"timestamp":"2025-04-27T16:53:08.044Z"}
{"level":"info","message":"⌛ Validating src/palabras.wlk","timeElapsed":112,"timestamp":"2025-04-27T16:53:08.157Z"}
{"level":"info","message":"⌛ Validating src/palabraFijadaSM.wlk","timeElapsed":116,"timestamp":"2025-04-27T16:53:08.273Z"}
{"level":"info","message":"⌛ Validating src/palabraFijada.wlk","timeElapsed":119,"timestamp":"2025-04-27T16:53:08.393Z"}
{"level":"info","message":"⌛ Validating src/nave.wlk","timeElapsed":122,"timestamp":"2025-04-27T16:53:08.515Z"}
{"level":"info","message":"⌛ Validating src/listaNivelSM.wlk","timeElapsed":128,"timestamp":"2025-04-27T16:53:08.644Z"}
{"level":"info","message":"⌛ Validating src/listaNivel1.wlk","timeElapsed":137,"timestamp":"2025-04-27T16:53:08.816Z"}
{"level":"info","message":"⌛ Validating src/letraSM.wlk","timeElapsed":145,"timestamp":"2025-04-27T16:53:08.961Z"}
{"level":"info","message":"⌛ Validating src/letra.wlk","timeElapsed":138,"timestamp":"2025-04-27T16:53:09.102Z"}
{"level":"info","message":"⌛ Validating src/input.wlk","timeElapsed":139,"timestamp":"2025-04-27T16:53:09.241Z"}
{"level":"info","message":"⌛ Validating src/fondo.wlk","timeElapsed":137,"timestamp":"2025-04-27T16:53:09.379Z"}
{"level":"info","message":"⌛ Validating src/diccionario.wlk","timeElapsed":158,"timestamp":"2025-04-27T16:53:09.539Z"}
{"level":"info","message":"⌛ Validating src/configSM.wlk","timeElapsed":173,"timestamp":"2025-04-27T16:53:09.715Z"}
{"level":"info","message":"⌛ Validating src/config1.wlk","timeElapsed":188,"timestamp":"2025-04-27T16:53:09.903Z"}
{"level":"info","message":"⌛ Validating src/barraDeVidaSM.wlk","timeElapsed":196,"timestamp":"2025-04-27T16:53:10.099Z"}
{"level":"info","message":"🧪 Test runner executed on e:\\xtype\\xtype","result":{"errored":0,"failed":1,"ok":4},"testsFailed":[{"error":["wollok.lib.AssertionException: Expected <70> but found <510>","  at src.test_game.\"Tests de palabras y sus posiciones\".\"procedure cae con estilo 22 veces y su posición en el eje y es 70\" [src/test_game.wtest:54]"],"test":"src.test_game.\"Tests de palabras y sus posiciones\".\"procedure cae con estilo 22 veces y su posición en el eje y es 70\""}],"timeElapsed":1736,"timestamp":"2025-04-27T16:53:30.056Z"}
{"level":"info","message":"🧪 Test runner executed on e:\\xtype\\xtype","result":{"errored":0,"failed":0,"ok":1},"testsFailed":[],"timeElapsed":1144,"timestamp":"2025-04-27T16:54:02.709Z"}
{"level":"info","message":"⌛ Building environment","timeElapsed":236,"timestamp":"2025-04-27T16:56:06.788Z"}
{"level":"info","message":"⌛ Validating src/program.wpgm","timeElapsed":206,"timestamp":"2025-04-27T16:56:07.051Z"}
{"level":"info","message":"🚀 Program executed \u001b[3m\u001b[34msrc.program.juego\u001b[39m\u001b[23m on \u001b[3m\u001b[34me:\\xtype\\xtype\u001b[39m\u001b[23m","ok":true,"timeElapsed":1123,"timestamp":"2025-04-27T16:57:08.377Z"}
{"exitCode":0,"level":"info","message":"👾 Game executed src.program.juego on e:\\xtype\\xtype","timeElapsed":83404,"timestamp":"2025-04-27T16:58:30.657Z"}
{"level":"info","message":"🚀 Program executed \u001b[3m\u001b[34msrc.program.juego\u001b[39m\u001b[23m on \u001b[3m\u001b[34me:\\xtype\\xtype\u001b[39m\u001b[23m","ok":true,"timeElapsed":1260,"timestamp":"2025-04-27T16:59:19.521Z"}
{"level":"info","message":"⌛ Building environment","timeElapsed":327,"timestamp":"2025-04-27T17:01:11.461Z"}
{"level":"info","message":"⌛ Validating src/config1.wlk","timeElapsed":202,"timestamp":"2025-04-27T17:01:11.739Z"}
{"level":"info","message":"⌛ Building environment","timeElapsed":323,"timestamp":"2025-04-27T17:01:41.746Z"}
{"level":"info","message":"⌛ Validating src/configSM.wlk","timeElapsed":197,"timestamp":"2025-04-27T17:01:41.966Z"}
{"level":"info","message":"⌛ Building environment","timeElapsed":207,"timestamp":"2025-04-27T17:01:59.501Z"}
{"level":"info","message":"⌛ Validating src/input.wlk","timeElapsed":205,"timestamp":"2025-04-27T17:01:59.715Z"}
{"level":"info","message":"⌛ Building environment","timeElapsed":294,"timestamp":"2025-04-27T17:02:03.430Z"}
{"level":"info","message":"⌛ Validating src/diccionario.wlk","timeElapsed":196,"timestamp":"2025-04-27T17:02:03.682Z"}
{"level":"info","message":"⌛ Building environment","timeElapsed":279,"timestamp":"2025-04-27T17:02:05.864Z"}
{"level":"info","message":"⌛ Validating src/configSM.wlk","timeElapsed":204,"timestamp":"2025-04-27T17:02:06.125Z"}
{"exitCode":"SIGHUP","level":"info","message":"👾 Game executed src.program.juego on e:\\xtype\\xtype","timeElapsed":4842676,"timestamp":"2025-04-27T18:20:00.935Z"}
{"level":"info","message":"⌛ Building environment","timeElapsed":180,"timestamp":"2025-04-28T18:10:37.780Z"}
{"level":"info","message":"onRequest - WORKSPACE_URI:file:///e%3A/xtype/xtype","timestamp":"2025-04-28T18:10:37.784Z"}
{"level":"info","message":"⌛ Building environment","timeElapsed":158,"timestamp":"2025-04-28T18:10:37.944Z"}
{"level":"info","message":"⌛ Building environment","timeElapsed":125,"timestamp":"2025-04-28T18:10:39.664Z"}
{"level":"info","message":"⌛ Validating src/configSM.wlk","timeElapsed":163,"timestamp":"2025-04-28T18:10:39.827Z"}
{"level":"info","message":"⌛ Building environment","timeElapsed":109,"timestamp":"2025-04-28T18:10:39.937Z"}
{"level":"info","message":"⌛ Building environment","timeElapsed":131,"timestamp":"2025-04-28T18:10:40.113Z"}
{"level":"info","message":"⌛ Building environment","timeElapsed":126,"timestamp":"2025-04-28T18:10:40.241Z"}
{"level":"info","message":"⌛ Validating src/program.wpgm","timeElapsed":130,"timestamp":"2025-04-28T18:10:40.373Z"}
{"level":"info","message":"⌛ Building environment","timeElapsed":175,"timestamp":"2025-04-28T18:10:40.548Z"}
{"level":"info","message":"⌛ Building environment","timeElapsed":213,"timestamp":"2025-04-28T18:10:40.771Z"}
{"level":"info","message":"⌛ Validating src/test_game.wtest","timeElapsed":129,"timestamp":"2025-04-28T18:10:40.901Z"}
{"level":"info","message":"⌛ Building environment","timeElapsed":108,"timestamp":"2025-04-28T18:10:41.009Z"}
{"level":"info","message":"⌛ Validating src/program.wpgm","timeElapsed":150,"timestamp":"2025-04-28T18:10:41.159Z"}
{"level":"info","message":"⌛ Validating src/test_game.wtest","timeElapsed":128,"timestamp":"2025-04-28T18:10:41.288Z"}
{"level":"info","message":"⌛ Validating src/sonidoTipeo.wlk","timeElapsed":144,"timestamp":"2025-04-28T18:10:41.433Z"}
{"level":"info","message":"⌛ Validating src/scoreSM.wlk","timeElapsed":162,"timestamp":"2025-04-28T18:10:41.597Z"}
{"level":"info","message":"⌛ Building environment","timeElapsed":115,"timestamp":"2025-04-28T18:10:41.712Z"}
{"level":"info","message":"⌛ Validating src/score.wlk","timeElapsed":129,"timestamp":"2025-04-28T18:10:41.843Z"}
{"level":"info","message":"⌛ Building environment","timeElapsed":212,"timestamp":"2025-04-28T18:10:42.056Z"}
{"level":"info","message":"⌛ Building environment","timeElapsed":148,"timestamp":"2025-04-28T18:10:42.205Z"}
{"level":"info","message":"⌛ Validating src/palabrasSM.wlk","timeElapsed":182,"timestamp":"2025-04-28T18:10:42.389Z"}
{"level":"info","message":"⌛ Building environment","timeElapsed":196,"timestamp":"2025-04-28T18:10:42.585Z"}
{"level":"info","message":"⌛ Building environment","timeElapsed":148,"timestamp":"2025-04-28T18:10:42.735Z"}
{"level":"info","message":"⌛ Validating src/palabras.wlk","timeElapsed":172,"timestamp":"2025-04-28T18:10:42.909Z"}
{"level":"info","message":"⌛ Building environment","timeElapsed":125,"timestamp":"2025-04-28T18:10:43.035Z"}
{"level":"info","message":"⌛ Building environment","timeElapsed":117,"timestamp":"2025-04-28T18:10:43.153Z"}
{"level":"info","message":"⌛ Building environment","timeElapsed":118,"timestamp":"2025-04-28T18:10:43.272Z"}
{"level":"info","message":"⌛ Building environment","timeElapsed":118,"timestamp":"2025-04-28T18:10:43.391Z"}
{"level":"info","message":"⌛ Building environment","timeElapsed":231,"timestamp":"2025-04-28T18:10:43.624Z"}
{"level":"info","message":"⌛ Building environment","timeElapsed":164,"timestamp":"2025-04-28T18:10:43.788Z"}
{"level":"info","message":"⌛ Building environment","timeElapsed":201,"timestamp":"2025-04-28T18:10:43.989Z"}
{"level":"info","message":"⌛ Building environment","timeElapsed":197,"timestamp":"2025-04-28T18:10:44.187Z"}
{"level":"info","message":"⌛ Building environment","timeElapsed":137,"timestamp":"2025-04-28T18:10:44.325Z"}
{"level":"info","message":"⌛ Validating src/palabraFijadaSM.wlk","timeElapsed":146,"timestamp":"2025-04-28T18:10:44.472Z"}
{"level":"info","message":"⌛ Validating src/palabraFijada.wlk","timeElapsed":229,"timestamp":"2025-04-28T18:10:44.702Z"}
{"level":"info","message":"⌛ Validating src/nave.wlk","timeElapsed":155,"timestamp":"2025-04-28T18:10:44.858Z"}
{"level":"info","message":"⌛ Validating src/listaNivelSM.wlk","timeElapsed":150,"timestamp":"2025-04-28T18:10:45.017Z"}
{"level":"info","message":"⌛ Validating src/listaNivel1.wlk","timeElapsed":157,"timestamp":"2025-04-28T18:10:45.175Z"}
{"level":"info","message":"⌛ Validating src/letraSM.wlk","timeElapsed":153,"timestamp":"2025-04-28T18:10:45.328Z"}
{"level":"info","message":"⌛ Validating src/letra.wlk","timeElapsed":155,"timestamp":"2025-04-28T18:10:45.483Z"}
{"level":"info","message":"⌛ Validating src/input.wlk","timeElapsed":189,"timestamp":"2025-04-28T18:10:45.672Z"}
{"level":"info","message":"⌛ Validating src/fondo.wlk","timeElapsed":160,"timestamp":"2025-04-28T18:10:45.833Z"}
{"level":"info","message":"⌛ Validating src/diccionario.wlk","timeElapsed":184,"timestamp":"2025-04-28T18:10:46.018Z"}
{"level":"info","message":"⌛ Validating src/configSM.wlk","timeElapsed":180,"timestamp":"2025-04-28T18:10:46.199Z"}
{"level":"info","message":"⌛ Validating src/config1.wlk","timeElapsed":194,"timestamp":"2025-04-28T18:10:46.394Z"}
{"level":"info","message":"⌛ Validating src/barraDeVidaSM.wlk","timeElapsed":198,"timestamp":"2025-04-28T18:10:46.593Z"}
{"level":"info","message":"⌛ Validating src/barraDeVida.wlk","timeElapsed":234,"timestamp":"2025-04-28T18:10:46.830Z"}
{"level":"info","message":"🧪 Test runner executed on e:\\xtype\\xtype","result":{"errored":0,"failed":1,"ok":4},"testsFailed":[{"error":["wollok.lib.AssertionException: Expected <70> but found <510>","  at src.test_game.\"Tests de palabras y sus posiciones\".\"procedure cae con estilo 22 veces y su posición en el eje y es 70\" [src/test_game.wtest:54]"],"test":"src.test_game.\"Tests de palabras y sus posiciones\".\"procedure cae con estilo 22 veces y su posición en el eje y es 70\""}],"timeElapsed":1401,"timestamp":"2025-04-28T18:11:00.762Z"}
{"level":"info","message":"⌛ Building environment","timeElapsed":337,"timestamp":"2025-04-28T18:15:10.811Z"}
{"level":"info","message":"⌛ Validating src/sonidoTipeo.wlk","timeElapsed":248,"timestamp":"2025-04-28T18:15:11.123Z"}
{"errors":{"errors":[null,["/*object sonidoTipeo {\r","var property sonido\r","method play() {\r","const nuevoSonido = new Sound(file = \"sonidoTipeo.mp3\")\r","self.sonido(nuevoSonido)\r","// Crea una nueva instancia de Sound antes de reproducirlo\r","nuevoSonido.volume(0.2)\r","nuevoSonido.play()\r","}\r","}\r"]]},"level":"error","message":"✘ Failed to get type description: Error: {\n  \"errors\": [\n    null,\n    [\n      \"/*object sonidoTipeo {\\r\",\n      \"var property sonido\\r\",\n      \"method play() {\\r\",\n      \"const nuevoSonido = new Sound(file = \\\"sonidoTipeo.mp3\\\")\\r\",\n      \"self.sonido(nuevoSonido)\\r\",\n      \"// Crea una nueva instancia de Sound antes de reproducirlo\\r\",\n      \"nuevoSonido.volume(0.2)\\r\",\n      \"nuevoSonido.play()\\r\",\n      \"}\\r\",\n      \"}\\r\"\n    ]\n  ]\n} {\n  \"errors\": [\n    null,\n    [\n      \"/*object sonidoTipeo {\\r\",\n      \"var property sonido\\r\",\n      \"method play() {\\r\",\n      \"const nuevoSonido = new Sound(file = \\\"sonidoTipeo.mp3\\\")\\r\",\n      \"self.sonido(nuevoSonido)\\r\",\n      \"// Crea una nueva instancia de Sound antes de reproducirlo\\r\",\n      \"nuevoSonido.volume(0.2)\\r\",\n      \"nuevoSonido.play()\\r\",\n      \"}\\r\",\n      \"}\\r\"\n    ]\n  ]\n}","stack":"Error: {\n  \"errors\": [\n    null,\n    [\n      \"/*object sonidoTipeo {\\r\",\n      \"var property sonido\\r\",\n      \"method play() {\\r\",\n      \"const nuevoSonido = new Sound(file = \\\"sonidoTipeo.mp3\\\")\\r\",\n      \"self.sonido(nuevoSonido)\\r\",\n      \"// Crea una nueva instancia de Sound antes de reproducirlo\\r\",\n      \"nuevoSonido.volume(0.2)\\r\",\n      \"nuevoSonido.play()\\r\",\n      \"}\\r\",\n      \"}\\r\"\n    ]\n  ]\n}\n    at SS (c:\\Users\\nicol\\.vscode\\extensions\\uqbar.wollok-lsp-ide-0.5.0\\out\\server\\src\\server.js:64:34609)\n    at K1 (c:\\Users\\nicol\\.vscode\\extensions\\uqbar.wollok-lsp-ide-0.5.0\\out\\server\\src\\server.js:64:34682)\n    at c:\\Users\\nicol\\.vscode\\extensions\\uqbar.wollok-lsp-ide-0.5.0\\out\\server\\src\\server.js:64:37949\n    at o.g1 (c:\\Users\\nicol\\.vscode\\extensions\\uqbar.wollok-lsp-ide-0.5.0\\out\\server\\src\\server.js:57:57694)\n    at c:\\Users\\nicol\\.vscode\\extensions\\uqbar.wollok-lsp-ide-0.5.0\\out\\server\\src\\server.js:64:37918\n    at c:\\Users\\nicol\\.vscode\\extensions\\uqbar.wollok-lsp-ide-0.5.0\\out\\server\\src\\server.js:57:55734\n    at yfn (c:\\Users\\nicol\\.vscode\\extensions\\uqbar.wollok-lsp-ide-0.5.0\\out\\server\\src\\server.js:68:11324)\n    at c:\\Users\\nicol\\.vscode\\extensions\\uqbar.wollok-lsp-ide-0.5.0\\out\\server\\src\\server.js:68:3629\n    at Array.map (<anonymous>)\n    at c:\\Users\\nicol\\.vscode\\extensions\\uqbar.wollok-lsp-ide-0.5.0\\out\\server\\src\\server.js:68:4693","timestamp":"2025-04-28T18:15:20.190Z"}
{"level":"info","message":"⌛ Building environment","timeElapsed":411,"timestamp":"2025-04-28T18:15:26.073Z"}
{"level":"info","message":"⌛ Validating src/test_game.wtest","timeElapsed":262,"timestamp":"2025-04-28T18:15:26.351Z"}
{"level":"info","message":"🧪 Test runner executed on e:\\xtype\\xtype","result":{"errored":0,"failed":2,"ok":0},"testsFailed":[{"error":["wollok.lib.AssertionException: Expected <235> but found <0>","  at src.test_game.\"test de ubicacion de visaules en el juego\".\"La posición de la nave en el eje x es 235\" [src/test_game.wtest:62]"],"test":"src.test_game.\"test de ubicacion de visaules en el juego\".\"La posición de la nave en el eje x es 235\""},{"error":["wollok.lib.AssertionException: Expected <18> but found <0>","  at src.test_game.\"test de ubicacion de visaules en el juego\".\"La posición de la nave en el eje y es 18\" [src/test_game.wtest:66]"],"test":"src.test_game.\"test de ubicacion de visaules en el juego\".\"La posición de la nave en el eje y es 18\""}],"timeElapsed":1474,"timestamp":"2025-04-28T18:17:29.646Z"}
{"level":"info","message":"🧪 Test runner executed on e:\\xtype\\xtype","result":{"errored":0,"failed":3,"ok":1},"testsFailed":[{"error":["wollok.lib.AssertionException: Expected <\"navetipeo.png\"> but found <\"lineaLimite2.png\">","  at src.test_game.\"Tests sobre perder una barra de vida\".\"La nave titila en blanco cuando hay tipeo correcto\" [src/test_game.wtest:86]"],"test":"src.test_game.\"Tests sobre perder una barra de vida\".\"La nave titila en blanco cuando hay tipeo correcto\""},{"error":["wollok.lib.AssertionException: Expected <\"nave_dead.png\"> but found <\"lineaLimite3.png\">","  at src.test_game.\"Tests sobre perder una barra de vida\".\"La nave titila en rojo cuando hay error de tipeo\" [src/test_game.wtest:91]"],"test":"src.test_game.\"Tests sobre perder una barra de vida\".\"La nave titila en rojo cuando hay error de tipeo\""},{"error":["wollok.lib.AssertionException: Value was not true","  at src.test_game.\"Tests sobre perder una barra de vida\".\"procedure llegó al horizonte y hay game over\" [src/test_game.wtest:101]"],"test":"src.test_game.\"Tests sobre perder una barra de vida\".\"procedure llegó al horizonte y hay game over\""}],"timeElapsed":1646,"timestamp":"2025-04-28T18:17:46.895Z"}
{"level":"info","message":"⌛ Building environment","timeElapsed":272,"timestamp":"2025-04-28T18:18:05.509Z"}
{"level":"info","message":"⌛ Validating src/program.wpgm","timeElapsed":276,"timestamp":"2025-04-28T18:18:05.851Z"}
{"level":"info","message":"🚀 Program executed \u001b[3m\u001b[34msrc.program.juego\u001b[39m\u001b[23m on \u001b[3m\u001b[34me:\\xtype\\xtype\u001b[39m\u001b[23m","ok":true,"timeElapsed":1275,"timestamp":"2025-04-28T18:18:14.148Z"}
{"level":"info","message":"⌛ Building environment","timeElapsed":597,"timestamp":"2025-04-28T18:19:56.015Z"}
{"level":"info","message":"⌛ Validating src/config1.wlk","timeElapsed":259,"timestamp":"2025-04-28T18:19:56.418Z"}
{"level":"info","message":"⌛ Building environment","timeElapsed":313,"timestamp":"2025-04-28T18:20:09.762Z"}
{"level":"info","message":"⌛ Building environment","timeElapsed":288,"timestamp":"2025-04-28T18:20:10.162Z"}
{"level":"info","message":"⌛ Validating src/config1.wlk","timeElapsed":256,"timestamp":"2025-04-28T18:20:10.425Z"}
{"level":"info","message":"⌛ Building environment","timeElapsed":298,"timestamp":"2025-04-28T18:20:10.726Z"}
{"level":"info","message":"⌛ Building environment","timeElapsed":249,"timestamp":"2025-04-28T18:20:10.977Z"}
{"level":"info","message":"⌛ Validating src/config1.wlk","timeElapsed":246,"timestamp":"2025-04-28T18:20:11.224Z"}
{"level":"info","message":"⌛ Building environment","timeElapsed":240,"timestamp":"2025-04-28T18:20:11.464Z"}
{"level":"info","message":"⌛ Validating src/config1.wlk","timeElapsed":236,"timestamp":"2025-04-28T18:20:11.835Z"}
{"level":"info","message":"⌛ Validating src/config1.wlk","timeElapsed":247,"timestamp":"2025-04-28T18:20:12.081Z"}
{"level":"info","message":"⌛ Building environment","timeElapsed":244,"timestamp":"2025-04-28T18:20:12.327Z"}
{"level":"info","message":"⌛ Validating src/config1.wlk","timeElapsed":221,"timestamp":"2025-04-28T18:20:12.549Z"}
{"level":"info","message":"⌛ Validating src/config1.wlk","timeElapsed":205,"timestamp":"2025-04-28T18:20:12.794Z"}
{"level":"info","message":"⌛ Building environment","timeElapsed":340,"timestamp":"2025-04-28T18:20:18.541Z"}
{"level":"info","message":"⌛ Validating src/sonidoTipeo.wlk","timeElapsed":276,"timestamp":"2025-04-28T18:20:18.832Z"}
{"level":"info","message":"⌛ Building environment","timeElapsed":400,"timestamp":"2025-04-28T18:20:22.335Z"}
{"level":"info","message":"⌛ Validating src/program.wpgm","timeElapsed":341,"timestamp":"2025-04-28T18:20:22.740Z"}
{"exitCode":"SIGHUP","level":"info","message":"👾 Game executed src.program.juego on e:\\xtype\\xtype","timeElapsed":131523,"timestamp":"2025-04-28T18:20:24.395Z"}
{"level":"info","message":"🚀 Program executed \u001b[3m\u001b[34msrc.program.juego\u001b[39m\u001b[23m on \u001b[3m\u001b[34me:\\xtype\\xtype\u001b[39m\u001b[23m","ok":true,"timeElapsed":1386,"timestamp":"2025-04-28T18:20:28.526Z"}
{"level":"info","message":"⌛ Building environment","timeElapsed":410,"timestamp":"2025-04-28T18:21:09.862Z"}
{"level":"info","message":"⌛ Building environment","timeElapsed":276,"timestamp":"2025-04-28T18:21:10.139Z"}
{"level":"info","message":"⌛ Building environment","timeElapsed":237,"timestamp":"2025-04-28T18:21:10.378Z"}
{"level":"info","message":"⌛ Building environment","timeElapsed":239,"timestamp":"2025-04-28T18:21:10.618Z"}
{"level":"info","message":"⌛ Validating src/config1.wlk","timeElapsed":245,"timestamp":"2025-04-28T18:21:10.864Z"}
{"level":"info","message":"⌛ Validating src/config1.wlk","timeElapsed":282,"timestamp":"2025-04-28T18:21:11.176Z"}
{"level":"info","message":"⌛ Validating src/config1.wlk","timeElapsed":250,"timestamp":"2025-04-28T18:21:11.427Z"}
{"level":"info","message":"⌛ Validating src/config1.wlk","timeElapsed":254,"timestamp":"2025-04-28T18:21:11.682Z"}
{"level":"info","message":"⌛ Building environment","timeElapsed":266,"timestamp":"2025-04-28T18:21:11.950Z"}
{"level":"info","message":"⌛ Building environment","timeElapsed":213,"timestamp":"2025-04-28T18:21:12.165Z"}
{"level":"info","message":"⌛ Building environment","timeElapsed":218,"timestamp":"2025-04-28T18:21:12.385Z"}
{"level":"info","message":"⌛ Building environment","timeElapsed":261,"timestamp":"2025-04-28T18:21:12.648Z"}
{"level":"info","message":"⌛ Validating src/config1.wlk","timeElapsed":205,"timestamp":"2025-04-28T18:21:12.879Z"}
{"level":"info","message":"⌛ Validating src/config1.wlk","timeElapsed":215,"timestamp":"2025-04-28T18:21:13.094Z"}
{"level":"info","message":"⌛ Validating src/config1.wlk","timeElapsed":213,"timestamp":"2025-04-28T18:21:13.307Z"}
{"level":"info","message":"⌛ Validating src/config1.wlk","timeElapsed":197,"timestamp":"2025-04-28T18:21:13.504Z"}
{"exitCode":"SIGHUP","level":"info","message":"👾 Game executed src.program.juego on e:\\xtype\\xtype","timeElapsed":70084,"timestamp":"2025-04-28T18:21:37.223Z"}
{"level":"info","message":"⌛ Building environment","timeElapsed":434,"timestamp":"2025-04-28T18:22:01.309Z"}
{"level":"info","message":"onRequest - WORKSPACE_URI:file:///e%3A/xtype/xtype","timestamp":"2025-04-28T18:22:01.320Z"}
{"level":"info","message":"⌛ Building environment","timeElapsed":704,"timestamp":"2025-04-28T18:22:02.027Z"}
{"level":"info","message":"⌛ Building environment","timeElapsed":229,"timestamp":"2025-04-28T18:22:04.884Z"}
{"level":"info","message":"⌛ Building environment","timeElapsed":205,"timestamp":"2025-04-28T18:22:05.092Z"}
{"level":"info","message":"⌛ Validating src/config1.wlk","timeElapsed":297,"timestamp":"2025-04-28T18:22:05.483Z"}
{"level":"info","message":"⌛ Building environment","timeElapsed":169,"timestamp":"2025-04-28T18:22:05.653Z"}
{"level":"info","message":"⌛ Building environment","timeElapsed":280,"timestamp":"2025-04-28T18:22:05.934Z"}
{"level":"info","message":"⌛ Building environment","timeElapsed":157,"timestamp":"2025-04-28T18:22:06.172Z"}
{"level":"info","message":"⌛ Building environment","timeElapsed":109,"timestamp":"2025-04-28T18:22:06.284Z"}
{"level":"info","message":"⌛ Building environment","timeElapsed":158,"timestamp":"2025-04-28T18:22:06.984Z"}
{"level":"info","message":"⌛ Validating src/test_game.wtest","timeElapsed":172,"timestamp":"2025-04-28T18:22:07.426Z"}
{"level":"info","message":"⌛ Building environment","timeElapsed":293,"timestamp":"2025-04-28T18:22:07.720Z"}
{"level":"info","message":"⌛ Building environment","timeElapsed":285,"timestamp":"2025-04-28T18:22:08.045Z"}
{"level":"info","message":"⌛ Building environment","timeElapsed":463,"timestamp":"2025-04-28T18:22:08.517Z"}
{"level":"info","message":"⌛ Building environment","timeElapsed":199,"timestamp":"2025-04-28T18:22:08.719Z"}
{"level":"info","message":"⌛ Building environment","timeElapsed":130,"timestamp":"2025-04-28T18:22:08.891Z"}
{"level":"info","message":"⌛ Validating src/sonidoTipeo.wlk","timeElapsed":310,"timestamp":"2025-04-28T18:22:09.216Z"}
{"level":"info","message":"⌛ Building environment","timeElapsed":175,"timestamp":"2025-04-28T18:22:09.392Z"}
{"level":"info","message":"⌛ Building environment","timeElapsed":174,"timestamp":"2025-04-28T18:22:09.588Z"}
{"level":"info","message":"⌛ Validating src/scoreSM.wlk","timeElapsed":177,"timestamp":"2025-04-28T18:22:09.768Z"}
{"level":"info","message":"⌛ Building environment","timeElapsed":354,"timestamp":"2025-04-28T18:22:10.123Z"}
{"level":"info","message":"⌛ Building environment","timeElapsed":218,"timestamp":"2025-04-28T18:22:10.376Z"}
{"level":"info","message":"⌛ Building environment","timeElapsed":261,"timestamp":"2025-04-28T18:22:10.643Z"}
{"level":"info","message":"⌛ Validating src/config1.wlk","timeElapsed":276,"timestamp":"2025-04-28T18:22:10.922Z"}
{"level":"info","message":"⌛ Validating src/test_game.wtest","timeElapsed":147,"timestamp":"2025-04-28T18:22:11.070Z"}
{"level":"info","message":"⌛ Building environment","timeElapsed":151,"timestamp":"2025-04-28T18:22:11.222Z"}
{"level":"info","message":"⌛ Validating src/sonidoTipeo.wlk","timeElapsed":133,"timestamp":"2025-04-28T18:22:11.356Z"}
{"level":"info","message":"⌛ Validating src/scoreSM.wlk","timeElapsed":134,"timestamp":"2025-04-28T18:22:11.491Z"}
{"level":"info","message":"⌛ Building environment","timeElapsed":160,"timestamp":"2025-04-28T18:22:11.651Z"}
{"level":"info","message":"⌛ Validating src/score.wlk","timeElapsed":157,"timestamp":"2025-04-28T18:22:11.809Z"}
{"level":"info","message":"⌛ Validating src/program.wpgm","timeElapsed":158,"timestamp":"2025-04-28T18:22:11.967Z"}
{"level":"info","message":"⌛ Validating src/palabrasSM.wlk","timeElapsed":173,"timestamp":"2025-04-28T18:22:12.141Z"}
{"level":"info","message":"⌛ Building environment","timeElapsed":402,"timestamp":"2025-04-28T18:22:12.544Z"}
{"level":"info","message":"⌛ Validating src/palabras.wlk","timeElapsed":275,"timestamp":"2025-04-28T18:22:12.819Z"}
{"level":"info","message":"⌛ Validating src/config1.wlk","timeElapsed":201,"timestamp":"2025-04-28T18:22:13.019Z"}
{"level":"info","message":"⌛ Validating src/config1.wlk","timeElapsed":204,"timestamp":"2025-04-28T18:22:13.224Z"}
{"level":"info","message":"⌛ Building environment","timeElapsed":216,"timestamp":"2025-04-28T18:22:13.441Z"}
{"level":"info","message":"⌛ Building environment","timeElapsed":187,"timestamp":"2025-04-28T18:22:13.629Z"}
{"level":"info","message":"⌛ Building environment","timeElapsed":162,"timestamp":"2025-04-28T18:22:13.792Z"}
{"level":"info","message":"⌛ Validating src/palabraFijadaSM.wlk","timeElapsed":174,"timestamp":"2025-04-28T18:22:13.967Z"}
{"level":"info","message":"⌛ Validating src/palabraFijada.wlk","timeElapsed":192,"timestamp":"2025-04-28T18:22:14.161Z"}
{"level":"info","message":"⌛ Validating src/nave.wlk","timeElapsed":158,"timestamp":"2025-04-28T18:22:14.382Z"}
{"level":"info","message":"⌛ Validating src/listaNivelSM.wlk","timeElapsed":201,"timestamp":"2025-04-28T18:22:14.584Z"}
{"level":"info","message":"⌛ Building environment","timeElapsed":256,"timestamp":"2025-04-28T18:22:14.864Z"}
{"level":"info","message":"⌛ Building environment","timeElapsed":257,"timestamp":"2025-04-28T18:22:15.123Z"}
{"level":"info","message":"⌛ Validating src/listaNivel1.wlk","timeElapsed":168,"timestamp":"2025-04-28T18:22:15.293Z"}
{"level":"info","message":"⌛ Validating src/letraSM.wlk","timeElapsed":173,"timestamp":"2025-04-28T18:22:15.499Z"}
{"level":"info","message":"⌛ Validating src/letra.wlk","timeElapsed":289,"timestamp":"2025-04-28T18:22:15.789Z"}
{"level":"info","message":"⌛ Validating src/input.wlk","timeElapsed":169,"timestamp":"2025-04-28T18:22:15.984Z"}
{"level":"info","message":"⌛ Validating src/fondo.wlk","timeElapsed":208,"timestamp":"2025-04-28T18:22:16.192Z"}
{"level":"info","message":"⌛ Building environment","timeElapsed":240,"timestamp":"2025-04-28T18:22:16.466Z"}
{"level":"info","message":"⌛ Building environment","timeElapsed":240,"timestamp":"2025-04-28T18:22:16.707Z"}
{"level":"info","message":"⌛ Validating src/diccionario.wlk","timeElapsed":191,"timestamp":"2025-04-28T18:22:16.924Z"}
{"level":"info","message":"⌛ Validating src/configSM.wlk","timeElapsed":211,"timestamp":"2025-04-28T18:22:17.136Z"}
{"level":"info","message":"⌛ Validating src/barraDeVidaSM.wlk","timeElapsed":348,"timestamp":"2025-04-28T18:22:17.488Z"}
{"level":"info","message":"⌛ Validating src/barraDeVida.wlk","timeElapsed":203,"timestamp":"2025-04-28T18:22:17.692Z"}
{"level":"info","message":"⌛ Validating src/config1.wlk","timeElapsed":222,"timestamp":"2025-04-28T18:22:17.949Z"}
{"level":"info","message":"⌛ Building environment","timeElapsed":302,"timestamp":"2025-04-28T18:22:18.253Z"}
{"level":"info","message":"⌛ Validating src/config1.wlk","timeElapsed":205,"timestamp":"2025-04-28T18:22:18.461Z"}
{"level":"info","message":"⌛ Building environment","timeElapsed":231,"timestamp":"2025-04-28T18:22:18.713Z"}
{"level":"info","message":"⌛ Validating src/config1.wlk","timeElapsed":192,"timestamp":"2025-04-28T18:22:18.944Z"}
{"level":"info","message":"⌛ Validating src/config1.wlk","timeElapsed":210,"timestamp":"2025-04-28T18:22:19.153Z"}
{"level":"info","message":"⌛ Building environment","timeElapsed":221,"timestamp":"2025-04-28T18:22:19.375Z"}
{"level":"info","message":"⌛ Building environment","timeElapsed":282,"timestamp":"2025-04-28T18:22:19.658Z"}
{"level":"info","message":"⌛ Validating src/config1.wlk","timeElapsed":202,"timestamp":"2025-04-28T18:22:19.889Z"}
{"level":"info","message":"⌛ Validating src/config1.wlk","timeElapsed":194,"timestamp":"2025-04-28T18:22:20.107Z"}
{"level":"info","message":"⌛ Validating src/config1.wlk","timeElapsed":301,"timestamp":"2025-04-28T18:22:20.434Z"}
{"level":"info","message":"⌛ Validating src/config1.wlk","timeElapsed":207,"timestamp":"2025-04-28T18:22:20.642Z"}
{"level":"info","message":"⌛ Building environment","timeElapsed":302,"timestamp":"2025-04-28T18:22:23.029Z"}
{"level":"info","message":"⌛ Validating src/config1.wlk","timeElapsed":227,"timestamp":"2025-04-28T18:22:23.345Z"}
{"level":"info","message":"⌛ Building environment","timeElapsed":318,"timestamp":"2025-04-28T18:22:24.513Z"}
{"level":"info","message":"⌛ Validating src/config1.wlk","timeElapsed":220,"timestamp":"2025-04-28T18:22:24.858Z"}
{"level":"info","message":"🚀 Program executed \u001b[3m\u001b[34msrc.program.juego\u001b[39m\u001b[23m on \u001b[3m\u001b[34me:\\xtype\\xtype\u001b[39m\u001b[23m","ok":true,"timeElapsed":1484,"timestamp":"2025-04-28T18:22:40.870Z"}
{"level":"info","message":"⌛ Building environment","timeElapsed":414,"timestamp":"2025-04-28T18:22:56.370Z"}
{"level":"info","message":"⌛ Building environment","timeElapsed":271,"timestamp":"2025-04-28T18:22:56.641Z"}
{"level":"info","message":"⌛ Validating src/config1.wlk","timeElapsed":218,"timestamp":"2025-04-28T18:22:56.886Z"}
{"level":"info","message":"⌛ Validating src/config1.wlk","timeElapsed":298,"timestamp":"2025-04-28T18:22:57.184Z"}
{"level":"info","message":"⌛ Building environment","timeElapsed":311,"timestamp":"2025-04-28T18:22:57.909Z"}
{"level":"info","message":"⌛ Building environment","timeElapsed":271,"timestamp":"2025-04-28T18:22:58.181Z"}
{"level":"info","message":"⌛ Validating src/config1.wlk","timeElapsed":243,"timestamp":"2025-04-28T18:22:58.453Z"}
{"level":"info","message":"⌛ Validating src/config1.wlk","timeElapsed":215,"timestamp":"2025-04-28T18:22:58.669Z"}
{"level":"info","message":"⌛ Building environment","timeElapsed":271,"timestamp":"2025-04-28T18:23:00.100Z"}
{"level":"info","message":"⌛ Building environment","timeElapsed":240,"timestamp":"2025-04-28T18:23:00.340Z"}
{"level":"info","message":"⌛ Validating src/config1.wlk","timeElapsed":205,"timestamp":"2025-04-28T18:23:00.546Z"}
{"level":"info","message":"⌛ Validating src/config1.wlk","timeElapsed":206,"timestamp":"2025-04-28T18:23:00.779Z"}
{"exitCode":"SIGHUP","level":"info","message":"👾 Game executed src.program.juego on e:\\xtype\\xtype","timeElapsed":29535,"timestamp":"2025-04-28T18:23:08.920Z"}
{"level":"info","message":"🚀 Program executed \u001b[3m\u001b[34msrc.program.juego\u001b[39m\u001b[23m on \u001b[3m\u001b[34me:\\xtype\\xtype\u001b[39m\u001b[23m","ok":true,"timeElapsed":1505,"timestamp":"2025-04-28T18:23:12.923Z"}
{"level":"info","message":"⌛ Building environment","timeElapsed":281,"timestamp":"2025-04-28T18:25:25.170Z"}
{"level":"info","message":"⌛ Validating src/input.wlk","timeElapsed":589,"timestamp":"2025-04-28T18:25:25.834Z"}
{"level":"info","message":"⌛ Building environment","timeElapsed":211,"timestamp":"2025-04-28T18:25:26.051Z"}
{"level":"info","message":"⌛ Validating src/fondo.wlk","timeElapsed":289,"timestamp":"2025-04-28T18:25:26.351Z"}
{"level":"info","message":"⌛ Building environment","timeElapsed":589,"timestamp":"2025-04-28T18:26:11.895Z"}
{"level":"info","message":"⌛ Validating src/diccionario.wlk","timeElapsed":219,"timestamp":"2025-04-28T18:26:12.154Z"}
{"level":"info","message":"⌛ Building environment","timeElapsed":439,"timestamp":"2025-04-28T18:26:14.203Z"}
{"level":"info","message":"⌛ Validating src/configSM.wlk","timeElapsed":271,"timestamp":"2025-04-28T18:26:14.502Z"}
{"level":"info","message":"⌛ Building environment","timeElapsed":292,"timestamp":"2025-04-28T18:26:25.062Z"}
{"level":"info","message":"⌛ Validating src/barraDeVidaSM.wlk","timeElapsed":235,"timestamp":"2025-04-28T18:26:25.349Z"}
